#
# There is insufficient memory for the Java Runtime Environment to continue.
# Native memory allocation (malloc) failed to allocate 281456 bytes for Chunk::new
# Possible reasons:
#   The system is out of physical RAM or swap space
#   The process is running with CompressedOops enabled, and the Java Heap may be blocking the growth of the native heap
# Possible solutions:
#   Reduce memory load on the system
#   Increase physical memory or swap space
#   Check if swap backing store is full
#   Decrease Java heap size (-Xmx/-Xms)
#   Decrease number of Java threads
#   Decrease Java thread stack sizes (-Xss)
#   Set larger code cache with -XX:ReservedCodeCacheSize=
#   JVM is running with Unscaled Compressed Oops mode in which the Java heap is
#     placed in the first 4GB address space. The Java Heap base address is the
#     maximum limit for the native heap growth. Please use -XX:HeapBaseMinAddress
#     to set the Java Heap base and to place the Java Heap above 4GB virtual address.
# This output file may be truncated or incomplete.
#
#  Out of Memory Error (allocation.cpp:389), pid=4008, tid=0x00000000000045c4
#
# JRE version: Java(TM) SE Runtime Environment (8.0_333-b02) (build 1.8.0_333-b02)
# Java VM: Java HotSpot(TM) 64-Bit Server VM (25.333-b02 mixed mode windows-amd64 compressed oops)
# Failed to write core dump. Minidumps are not enabled by default on client versions of Windows
#

---------------  T H R E A D  ---------------

Current thread (0x000001f974c96800):  JavaThread "C2 CompilerThread2" daemon [_thread_in_native, id=17860, stack(0x0000004cdf600000,0x0000004cdf700000)]

Stack: [0x0000004cdf600000,0x0000004cdf700000]
Native frames: (J=compiled Java code, j=interpreted, Vv=VM code, C=native code)
V  [jvm.dll+0x32fc49]
V  [jvm.dll+0x2761a2]
V  [jvm.dll+0x276e4d]
V  [jvm.dll+0x26d7f5]
V  [jvm.dll+0xd5a0c]
V  [jvm.dll+0xd620c]
V  [jvm.dll+0x48d066]
V  [jvm.dll+0x438a93]
V  [jvm.dll+0x441d65]
V  [jvm.dll+0x441125]
V  [jvm.dll+0x42becb]
V  [jvm.dll+0xac68b]
V  [jvm.dll+0xaaceb]
V  [jvm.dll+0x23e6f2]
V  [jvm.dll+0x292edc]
C  [ucrtbase.dll+0x210b2]
C  [KERNEL32.DLL+0x17c24]
C  [ntdll.dll+0x6d721]


Current CompileTask:
C2:   2555 1077 %     4       java.io.WinNTFileSystem::normalize @ 22 (143 bytes)


---------------  P R O C E S S  ---------------

Java Threads: ( => current thread )
  0x000001f974d38000 JavaThread "Service Thread" daemon [_thread_blocked, id=1028, stack(0x0000004cdf800000,0x0000004cdf900000)]
  0x000001f974cce000 JavaThread "C1 CompilerThread3" daemon [_thread_in_native, id=10984, stack(0x0000004cdf700000,0x0000004cdf800000)]
=>0x000001f974c96800 JavaThread "C2 CompilerThread2" daemon [_thread_in_native, id=17860, stack(0x0000004cdf600000,0x0000004cdf700000)]
  0x000001f974c93800 JavaThread "C2 CompilerThread1" daemon [_thread_blocked, id=17224, stack(0x0000004cdf500000,0x0000004cdf600000)]
  0x000001f974c93000 JavaThread "C2 CompilerThread0" daemon [_thread_blocked, id=14744, stack(0x0000004cdf400000,0x0000004cdf500000)]
  0x000001f974c8a000 JavaThread "Monitor Ctrl-Break" daemon [_thread_in_native, id=12292, stack(0x0000004cdf300000,0x0000004cdf400000)]
  0x000001f97306f800 JavaThread "Attach Listener" daemon [_thread_blocked, id=12036, stack(0x0000004cdf200000,0x0000004cdf300000)]
  0x000001f973082000 JavaThread "Signal Dispatcher" daemon [_thread_blocked, id=13012, stack(0x0000004cdf100000,0x0000004cdf200000)]
  0x000001f95cd9f800 JavaThread "Finalizer" daemon [_thread_blocked, id=3112, stack(0x0000004cdf000000,0x0000004cdf100000)]
  0x000001f973008000 JavaThread "Reference Handler" daemon [_thread_blocked, id=14764, stack(0x0000004cdef00000,0x0000004cdf000000)]
  0x000001f95cd02800 JavaThread "main" [_thread_in_vm, id=2060, stack(0x0000004cde500000,0x0000004cde600000)]

Other Threads:
  0x000001f972fe0800 VMThread [stack: 0x0000004cdee00000,0x0000004cdef00000] [id=14700]
  0x000001f974dab000 WatcherThread [stack: 0x0000004cdf900000,0x0000004cdfa00000] [id=18112]

VM state:not at safepoint (normal execution)

VM Mutex/Monitor currently owned by a thread: None

heap address: 0x0000000082a00000, size: 2006 MB, Compressed Oops mode: 32-bit
Narrow klass base: 0x0000000000000000, Narrow klass shift: 3
Compressed class space size: 1073741824 Address: 0x0000000100000000

Heap:
 PSYoungGen      total 37888K, used 6398K [0x00000000d6380000, 0x00000000d8d80000, 0x0000000100000000)
  eden space 32768K, 3% used [0x00000000d6380000,0x00000000d64c13c8,0x00000000d8380000)
  from space 5120K, 99% used [0x00000000d8880000,0x00000000d8d7e5b0,0x00000000d8d80000)
  to   space 5120K, 0% used [0x00000000d8380000,0x00000000d8380000,0x00000000d8880000)
 ParOldGen       total 86016K, used 675K [0x0000000082a00000, 0x0000000087e00000, 0x00000000d6380000)
  object space 86016K, 0% used [0x0000000082a00000,0x0000000082aa8f80,0x0000000087e00000)
 Metaspace       used 12894K, capacity 13346K, committed 13568K, reserved 1062912K
  class space    used 1552K, capacity 1695K, committed 1792K, reserved 1048576K

Card table byte_map: [0x000001f96da50000,0x000001f96de40000] byte_map_base: 0x000001f96d63b000

Marking Bits: (ParMarkBitMap*) 0x00000000522b9030
 Begin Bits: [0x000001f96e0e0000, 0x000001f970038000)
 End Bits:   [0x000001f970038000, 0x000001f971f90000)

Polling page: 0x000001f95cca0000

CodeCache: size=245760Kb used=4043Kb max_used=4043Kb free=241717Kb
 bounds [0x000001f95e690000, 0x000001f95ea90000, 0x000001f96d690000]
 total_blobs=1489 nmethods=1135 adapters=266
 compilation: enabled

Compilation events (10 events):
Event: 2.473 Thread 0x000001f974cce000 1112       3       java.util.concurrent.locks.ReentrantLock::unlock (10 bytes)
Event: 2.474 Thread 0x000001f974cce000 nmethod 1112 0x000001f95ea750d0 code [0x000001f95ea75260, 0x000001f95ea75660]
Event: 2.474 Thread 0x000001f974cce000 1113       3       java.util.concurrent.locks.AbstractQueuedSynchronizer::release (33 bytes)
Event: 2.474 Thread 0x000001f974cce000 nmethod 1113 0x000001f95ea74b50 code [0x000001f95ea74cc0, 0x000001f95ea74fe0]
Event: 2.477 Thread 0x000001f974cce000 1114       3       java.lang.reflect.Constructor::getParameterTypes (11 bytes)
Event: 2.478 Thread 0x000001f974cce000 nmethod 1114 0x000001f95ea74610 code [0x000001f95ea74780, 0x000001f95ea74a90]
Event: 2.492 Thread 0x000001f974cce000 1115       3       sun.reflect.generics.parser.SignatureParser::init (16 bytes)
Event: 2.492 Thread 0x000001f974cce000 nmethod 1115 0x000001f95ea742d0 code [0x000001f95ea74420, 0x000001f95ea74598]
Event: 2.493 Thread 0x000001f974cce000 1116       3       sun.invoke.util.BytecodeDescriptor::unparseMethod (68 bytes)
Event: 2.494 Thread 0x000001f974cce000 nmethod 1116 0x000001f95ea76f90 code [0x000001f95ea77240, 0x000001f95ea78540]

GC Heap History (2 events):
Event: 1.561 GC heap before
{Heap before GC invocations=1 (full 0):
 PSYoungGen      total 37888K, used 32768K [0x00000000d6380000, 0x00000000d8d80000, 0x0000000100000000)
  eden space 32768K, 100% used [0x00000000d6380000,0x00000000d8380000,0x00000000d8380000)
  from space 5120K, 0% used [0x00000000d8880000,0x00000000d8880000,0x00000000d8d80000)
  to   space 5120K, 0% used [0x00000000d8380000,0x00000000d8380000,0x00000000d8880000)
 ParOldGen       total 86016K, used 0K [0x0000000082a00000, 0x0000000087e00000, 0x00000000d6380000)
  object space 86016K, 0% used [0x0000000082a00000,0x0000000082a00000,0x0000000087e00000)
 Metaspace       used 8806K, capacity 9094K, committed 9344K, reserved 1056768K
  class space    used 1017K, capacity 1099K, committed 1152K, reserved 1048576K
Event: 1.566 GC heap after
Heap after GC invocations=1 (full 0):
 PSYoungGen      total 37888K, used 4453K [0x00000000d6380000, 0x00000000d8d80000, 0x0000000100000000)
  eden space 32768K, 0% used [0x00000000d6380000,0x00000000d6380000,0x00000000d8380000)
  from space 5120K, 86% used [0x00000000d8380000,0x00000000d87d9500,0x00000000d8880000)
  to   space 5120K, 0% used [0x00000000d8880000,0x00000000d8880000,0x00000000d8d80000)
 ParOldGen       total 86016K, used 16K [0x0000000082a00000, 0x0000000087e00000, 0x00000000d6380000)
  object space 86016K, 0% used [0x0000000082a00000,0x0000000082a04000,0x0000000087e00000)
 Metaspace       used 8806K, capacity 9094K, committed 9344K, reserved 1056768K
  class space    used 1017K, capacity 1099K, committed 1152K, reserved 1048576K
}

Deoptimization events (7 events):
Event: 0.967 Thread 0x000001f95cd02800 Uncommon trap: reason=unstable_if action=reinterpret pc=0x000001f95e83e8b4 method=java.lang.String.indexOf([CII[CIII)I @ 134
Event: 1.399 Thread 0x000001f95cd02800 Uncommon trap: reason=class_check action=maybe_recompile pc=0x000001f95e8a0e94 method=java.lang.String.equals(Ljava/lang/Object;)Z @ 8
Event: 1.405 Thread 0x000001f95cd02800 Uncommon trap: reason=class_check action=maybe_recompile pc=0x000001f95e8a0e94 method=java.lang.String.equals(Ljava/lang/Object;)Z @ 8
Event: 1.405 Thread 0x000001f95cd02800 Uncommon trap: reason=class_check action=maybe_recompile pc=0x000001f95e8a0e94 method=java.lang.String.equals(Ljava/lang/Object;)Z @ 8
Event: 1.405 Thread 0x000001f95cd02800 Uncommon trap: reason=class_check action=maybe_recompile pc=0x000001f95e8a0e94 method=java.lang.String.equals(Ljava/lang/Object;)Z @ 8
Event: 1.724 Thread 0x000001f95cd02800 Uncommon trap: reason=unstable_if action=reinterpret pc=0x000001f95e90ea44 method=java.io.WinNTFileSystem.normalize(Ljava/lang/String;)Ljava/lang/String; @ 128
Event: 2.140 Thread 0x000001f95cd02800 Uncommon trap: reason=unstable_if action=reinterpret pc=0x000001f95e99b4f0 method=sun.reflect.generics.parser.SignatureParser.current()C @ 39

Classes redefined (0 events):
No events

Internal exceptions (10 events):
Event: 0.857 Thread 0x000001f95cd02800 Exception <a 'java/security/PrivilegedActionException'> (0x00000000d69a0ea0) thrown at [C:\jenkins\workspace\8-2-build-windows-amd64-cygwin\jdk8u333\2551\hotspot\src\share\vm\prims\jvm.cpp, line 1523]
Event: 1.024 Thread 0x000001f95cd02800 Exception <a 'java/io/FileNotFoundException'> (0x00000000d6efa5c8) thrown at [C:\jenkins\workspace\8-2-build-windows-amd64-cygwin\jdk8u333\2551\hotspot\src\share\vm\prims\jni.cpp, line 710]
Event: 1.192 Thread 0x000001f95cd02800 Exception <a 'java/lang/NoSuchFieldError': method resolution failed> (0x00000000d73e8878) thrown at [C:\jenkins\workspace\8-2-build-windows-amd64-cygwin\jdk8u333\2551\hotspot\src\share\vm\prims\methodHandles.cpp, line 1169]
Event: 1.195 Thread 0x000001f95cd02800 Exception <a 'java/lang/NoSuchFieldError': method resolution failed> (0x00000000d73f6808) thrown at [C:\jenkins\workspace\8-2-build-windows-amd64-cygwin\jdk8u333\2551\hotspot\src\share\vm\prims\methodHandles.cpp, line 1169]
Event: 1.307 Thread 0x000001f95cd02800 Exception <a 'java/lang/NoSuchMethodError': org.slf4j.impl.StaticMDCBinder.getSingleton()Lorg/slf4j/impl/StaticMDCBinder;> (0x00000000d7821f28) thrown at [C:\jenkins\workspace\8-2-build-windows-amd64-cygwin\jdk8u333\2551\hotspot\src\share\vm\interpreter\l
Event: 1.518 Thread 0x000001f95cd02800 Exception <a 'java/lang/NoSuchMethodError': java.lang.Object.lambda$andThen$1(Ljava/util/function/Function;Ljava/lang/Object;)Ljava/lang/Object;> (0x00000000d818c220) thrown at [C:\jenkins\workspace\8-2-build-windows-amd64-cygwin\jdk8u333\2551\hotspot\src
Event: 1.637 Thread 0x000001f95cd02800 Exception <a 'java/lang/NoSuchMethodError': java.lang.Object.lambda$comparingInt$7b0bb60$1(Ljava/util/function/ToIntFunction;Ljava/lang/Object;Ljava/lang/Object;)I> (0x00000000d664be58) thrown at [C:\jenkins\workspace\8-2-build-windows-amd64-cygwin\jdk8u3
Event: 1.727 Thread 0x000001f95cd02800 Exception <a 'java/lang/NoSuchMethodError': java.lang.Object.lambda$comparing$77a9974f$1(Ljava/util/function/Function;Ljava/lang/Object;Ljava/lang/Object;)I> (0x00000000d69b8878) thrown at [C:\jenkins\workspace\8-2-build-windows-amd64-cygwin\jdk8u333\2551
Event: 1.957 Thread 0x000001f95cd02800 Exception <a 'java/lang/NoSuchMethodError': java.lang.Object.lambda$static$0(Ljava/lang/Object;)Ljava/lang/Object;> (0x00000000d700bf80) thrown at [C:\jenkins\workspace\8-2-build-windows-amd64-cygwin\jdk8u333\2551\hotspot\src\share\vm\interpreter\linkReso
Event: 2.465 Thread 0x000001f95cd02800 Exception <a 'java/lang/NoSuchMethodError': java.lang.Object.lambda$static$0(Lorg/springframework/boot/WebApplicationType;)Lorg/springframework/context/ConfigurableApplicationContext;> (0x00000000d80b5c80) thrown at [C:\jenkins\workspace\8-2-build-windows

Events (10 events):
Event: 2.493 loading class org/springframework/core/SerializableTypeWrapper
Event: 2.493 loading class org/springframework/core/SerializableTypeWrapper done
Event: 2.494 loading class org/springframework/core/SerializableTypeWrapper$SerializableTypeProxy
Event: 2.494 loading class org/springframework/core/SerializableTypeWrapper$SerializableTypeProxy done
Event: 2.494 loading class org/springframework/core/ResolvableType$SyntheticParameterizedType
Event: 2.494 loading class org/springframework/core/ResolvableType$SyntheticParameterizedType done
Event: 2.495 loading class org/springframework/core/ResolvableType$TypeVariablesVariableResolver
Event: 2.495 loading class org/springframework/core/ResolvableType$TypeVariablesVariableResolver done
Event: 2.496 loading class org/springframework/boot/context/event/ApplicationStartingEvent
Event: 2.496 loading class org/springframework/boot/context/event/ApplicationStartingEvent done


Dynamic libraries:
0x00007ff7936e0000 - 0x00007ff793727000 	D:\java\jdk-8u333\bin\java.exe
0x00007ffe473c0000 - 0x00007ffe475b0000 	C:\WINDOWS\SYSTEM32\ntdll.dll
0x00007ffe45a60000 - 0x00007ffe45b12000 	C:\WINDOWS\System32\KERNEL32.DLL
0x00007ffe44990000 - 0x00007ffe44c35000 	C:\WINDOWS\System32\KERNELBASE.dll
0x00007ffe45880000 - 0x00007ffe45923000 	C:\WINDOWS\System32\ADVAPI32.dll
0x00007ffe45ce0000 - 0x00007ffe45d7e000 	C:\WINDOWS\System32\msvcrt.dll
0x00007ffe47060000 - 0x00007ffe470f7000 	C:\WINDOWS\System32\sechost.dll
0x00007ffe45bb0000 - 0x00007ffe45ccf000 	C:\WINDOWS\System32\RPCRT4.dll
0x00007ffe46dc0000 - 0x00007ffe46f54000 	C:\WINDOWS\System32\USER32.dll
0x00007ffe448b0000 - 0x00007ffe448d1000 	C:\WINDOWS\System32\win32u.dll
0x00007ffe47160000 - 0x00007ffe47186000 	C:\WINDOWS\System32\GDI32.dll
0x00007ffe44540000 - 0x00007ffe446d8000 	C:\WINDOWS\System32\gdi32full.dll
0x00007ffe447e0000 - 0x00007ffe4487e000 	C:\WINDOWS\System32\msvcp_win.dll
0x00007ffe446e0000 - 0x00007ffe447da000 	C:\WINDOWS\System32\ucrtbase.dll
0x00007ffe2b2a0000 - 0x00007ffe2b524000 	C:\WINDOWS\WinSxS\amd64_microsoft.windows.common-controls_6595b64144ccf1df_6.0.18362.1556_none_9e7e372fe45e41d5\COMCTL32.dll
0x00007ffe45470000 - 0x00007ffe457a6000 	C:\WINDOWS\System32\combase.dll
0x00007ffe44c40000 - 0x00007ffe44cc1000 	C:\WINDOWS\System32\bcryptPrimitives.dll
0x00007ffe45d80000 - 0x00007ffe45dae000 	C:\WINDOWS\System32\IMM32.DLL
0x00007ffe3c690000 - 0x00007ffe3c6a5000 	D:\java\jdk-8u333\jre\bin\vcruntime140.dll
0x00007ffe23a30000 - 0x00007ffe23acb000 	D:\java\jdk-8u333\jre\bin\msvcp140.dll
0x0000000051ad0000 - 0x0000000052331000 	D:\java\jdk-8u333\jre\bin\server\jvm.dll
0x00007ffe45cd0000 - 0x00007ffe45cd8000 	C:\WINDOWS\System32\PSAPI.DLL
0x00007ffe43e50000 - 0x00007ffe43e5a000 	C:\WINDOWS\SYSTEM32\VERSION.dll
0x00007ffe422f0000 - 0x00007ffe42314000 	C:\WINDOWS\SYSTEM32\WINMM.dll
0x00007ffe3c5b0000 - 0x00007ffe3c5b9000 	C:\WINDOWS\SYSTEM32\WSOCK32.dll
0x00007ffe46ff0000 - 0x00007ffe4705f000 	C:\WINDOWS\System32\WS2_32.dll
0x00007ffe421c0000 - 0x00007ffe421ed000 	C:\WINDOWS\SYSTEM32\WINMMBASE.dll
0x00007ffe448e0000 - 0x00007ffe4492a000 	C:\WINDOWS\System32\cfgmgr32.dll
0x00007ffe442a0000 - 0x00007ffe442b1000 	C:\WINDOWS\System32\kernel.appcore.dll
0x00007ffe3c5a0000 - 0x00007ffe3c5b0000 	D:\java\jdk-8u333\jre\bin\verify.dll
0x00007ffe313e0000 - 0x00007ffe3140b000 	D:\java\jdk-8u333\jre\bin\java.dll
0x00007ffe23a00000 - 0x00007ffe23a30000 	D:\java\jdk-8u333\jre\bin\instrument.dll
0x00007ffe3c580000 - 0x00007ffe3c598000 	D:\java\jdk-8u333\jre\bin\zip.dll
0x00007ffe45db0000 - 0x00007ffe46497000 	C:\WINDOWS\System32\SHELL32.dll
0x00007ffe46cb0000 - 0x00007ffe46d58000 	C:\WINDOWS\System32\shcore.dll
0x00007ffe44cf0000 - 0x00007ffe4546b000 	C:\WINDOWS\System32\windows.storage.dll
0x00007ffe442c0000 - 0x00007ffe442de000 	C:\WINDOWS\System32\profapi.dll
0x00007ffe442e0000 - 0x00007ffe4432a000 	C:\WINDOWS\System32\powrprof.dll
0x00007ffe44270000 - 0x00007ffe44280000 	C:\WINDOWS\System32\UMPDC.dll
0x00007ffe45930000 - 0x00007ffe45982000 	C:\WINDOWS\System32\shlwapi.dll
0x00007ffe44cd0000 - 0x00007ffe44ce7000 	C:\WINDOWS\System32\cryptsp.dll
0x00007ffe2a070000 - 0x00007ffe2a08a000 	E:\IntelliJ IDEA\IntelliJ IDEA 2021.3.3\bin\breakgen64.dll
0x00007ffe2a0b0000 - 0x00007ffe2a0cc000 	D:\java\jdk-8u333\jre\bin\net.dll
0x00007ffe439e0000 - 0x00007ffe43a47000 	C:\WINDOWS\system32\mswsock.dll
0x00007ffe2a090000 - 0x00007ffe2a0a3000 	D:\java\jdk-8u333\jre\bin\nio.dll
0x00007ffe3c040000 - 0x00007ffe3c234000 	C:\WINDOWS\SYSTEM32\dbghelp.dll

VM Arguments:
jvm_args: -ea -Didea.test.cyclic.buffer.size=1048576 -javaagent:E:\IntelliJ IDEA\IntelliJ IDEA 2021.3.3\lib\idea_rt.jar=49303:E:\IntelliJ IDEA\IntelliJ IDEA 2021.3.3\bin -Dfile.encoding=UTF-8 
java_command: com.intellij.rt.junit.JUnitStarter -ideVersion5 -junit4 com.fly.store.service.DistrictServiceTest,queryByParent
java_class_path (initial): E:\IntelliJ IDEA\IntelliJ IDEA 2021.3.3\lib\idea_rt.jar;E:\IntelliJ IDEA\IntelliJ IDEA 2021.3.3\plugins\junit\lib\junit5-rt.jar;E:\IntelliJ IDEA\IntelliJ IDEA 2021.3.3\plugins\junit\lib\junit-rt.jar;D:\java\jdk-8u333\jre\lib\charsets.jar;D:\java\jdk-8u333\jre\lib\deploy.jar;D:\java\jdk-8u333\jre\lib\ext\access-bridge-64.jar;D:\java\jdk-8u333\jre\lib\ext\cldrdata.jar;D:\java\jdk-8u333\jre\lib\ext\dnsns.jar;D:\java\jdk-8u333\jre\lib\ext\jaccess.jar;D:\java\jdk-8u333\jre\lib\ext\jfxrt.jar;D:\java\jdk-8u333\jre\lib\ext\localedata.jar;D:\java\jdk-8u333\jre\lib\ext\nashorn.jar;D:\java\jdk-8u333\jre\lib\ext\sunec.jar;D:\java\jdk-8u333\jre\lib\ext\sunjce_provider.jar;D:\java\jdk-8u333\jre\lib\ext\sunmscapi.jar;D:\java\jdk-8u333\jre\lib\ext\sunpkcs11.jar;D:\java\jdk-8u333\jre\lib\ext\zipfs.jar;D:\java\jdk-8u333\jre\lib\javaws.jar;D:\java\jdk-8u333\jre\lib\jce.jar;D:\java\jdk-8u333\jre\lib\jfr.jar;D:\java\jdk-8u333\jre\lib\jfxswt.jar;D:\java\jdk-8u333\jre\lib\jsse.jar;D:\java\jdk-8u333\jre\lib\management-agent.jar;D:\java\jdk-8u333\jre\lib\plugin.jar;D:\java\jdk-8u333\jre\lib\resources.jar;D:\java\jdk-8u333\jre\lib\rt.jar;D:\java\projects\store\target\test-classes;D:\java\projects\store\target\classes;D:\java\NewMaven\maven_repository\org\springframework\boot\spring-boot-starter-web\2.7.2\spring-boot-starter-web-2.7.2.jar;D:\java\NewMaven\maven_repository\org\springframework\boot\spring-boot-starter\2.7.2\spring-boot-starter-2.7.2.jar;D:\java\NewMaven\maven_repository\org\springframework\boot\spring-boot\2.7.2\spring-boot-2.7.2.jar;D:\java\NewMaven\maven_repository\org\springframework\boot\spring-boot-autoconfigure\2.7.2\spring-boot-autoconfigure-2.7.2.jar;D:\java\NewMaven\maven_repository\org\springframework\boot\spring-boot-starter-logging\2.7.2\spring-boot-starter-logging-2.7.2.jar;D:\java\NewMaven\maven_repository\ch\qos\logback\logback-classic\1.2.11\logback-classic-1.2.11.jar;D:\java\NewMaven\maven_repository\ch\qos\logback\logback-core\1.2.
Launcher Type: SUN_STANDARD

Environment Variables:
JAVA_HOME=D:\java\jdk-11.0.15.1
CLASSPATH=.;D:\java\mysql-connector-java-8.0.17\mysql-connector-java-8.0.17.jar;
PATH=C:\Windows\system32;C:\Windows;C:\Windows\System32\Wbem;C:\Windows\System32\WindowsPowerShell\v1.0\;C:\Windows\System32\OpenSSH\;C:\Program Files (x86)\NVIDIA Corporation\PhysX\Common;C:\Program Files\NVIDIA Corporation\NVIDIA NvDLISR;C:\WINDOWS\system32;C:\WINDOWS;C:\WINDOWS\System32\Wbem;C:\WINDOWS\System32\WindowsPowerShell\v1.0\;C:\WINDOWS\System32\OpenSSH\;C:\Program Files\Google\Chrome\Application\CheomeDriver;D:\python\python3.6.0\;D:\python\python3.6.0\Scripts\;C:\Program Files\Common Files\Oracle\Java\javapath;D:\java\jdk-11.0.15.1\bin;D:\java\maven\apache-maven-3.3.3\bin;E:\Tomcat\apache-tomcat-10.0.22\bin;D:\SDK\scala-2.13.6\bin;C:\Program Files\nodejs\;E:\Anaconda;E:\Anaconda\Library\mingw-w64\bin;E:\Anaconda\Library\usr\bin;E:\Anaconda\Library\bin;E:\Anaconda\Scripts;C:\Users\86151\AppData\Local\Microsoft\WindowsApps;D:\Mysql\mysql\AppServ\Apache24\bin;D:\Mysql\mysql\AppServ\php7;D:\Mysql\mysql\AppServ\MySQL\bin;E:\IntelliJ IDEA\IntelliJ IDEA Community Edition 2021.1.2\bin;;E:\IntelliJ IDEA\IntelliJ IDEA 2022.1.3\bin;;C:\Users\86151\AppData\Roaming\npm
USERNAME=86151
OS=Windows_NT
PROCESSOR_IDENTIFIER=Intel64 Family 6 Model 142 Stepping 12, GenuineIntel



---------------  S Y S T E M  ---------------

OS: Windows 10 , 64 bit Build 18362 (10.0.18362.1500)

CPU:total 8 (initial active 8) (4 cores per cpu, 2 threads per core) family 6 model 142 stepping 12, cmov, cx8, fxsr, mmx, sse, sse2, sse3, ssse3, sse4.1, sse4.2, popcnt, avx, avx2, aes, clmul, erms, 3dnowpref, lzcnt, ht, tsc, tscinvbit, bmi1, bmi2, adx

Memory: 4k page, physical 8215268k(249528k free), swap 19195744k(3232k free)

vm_info: Java HotSpot(TM) 64-Bit Server VM (25.333-b02) for windows-amd64 JRE (1.8.0_333-b02), built on Apr 25 2022 22:49:11 by "java_re" with MS VC++ 15.9 (VS2017)

time: Fri Aug  5 23:28:36 2022
timezone: ?D1¨²¡À¨º¡Á?¨º¡À??
elapsed time: 2.563405 seconds (0d 0h 0m 2s)

