#
# There is insufficient memory for the Java Runtime Environment to continue.
# Native memory allocation (malloc) failed to allocate 262160 bytes for Chunk::new
# Possible reasons:
#   The system is out of physical RAM or swap space
#   The process is running with CompressedOops enabled, and the Java Heap may be blocking the growth of the native heap
# Possible solutions:
#   Reduce memory load on the system
#   Increase physical memory or swap space
#   Check if swap backing store is full
#   Decrease Java heap size (-Xmx/-Xms)
#   Decrease number of Java threads
#   Decrease Java thread stack sizes (-Xss)
#   Set larger code cache with -XX:ReservedCodeCacheSize=
#   JVM is running with Unscaled Compressed Oops mode in which the Java heap is
#     placed in the first 4GB address space. The Java Heap base address is the
#     maximum limit for the native heap growth. Please use -XX:HeapBaseMinAddress
#     to set the Java Heap base and to place the Java Heap above 4GB virtual address.
# This output file may be truncated or incomplete.
#
#  Out of Memory Error (allocation.cpp:389), pid=9124, tid=0x0000000000002b60
#
# JRE version: Java(TM) SE Runtime Environment (8.0_333-b02) (build 1.8.0_333-b02)
# Java VM: Java HotSpot(TM) 64-Bit Server VM (25.333-b02 mixed mode windows-amd64 compressed oops)
# Failed to write core dump. Minidumps are not enabled by default on client versions of Windows
#

---------------  T H R E A D  ---------------

Current thread (0x000001c10442d000):  JavaThread "C2 CompilerThread1" daemon [_thread_in_native, id=11104, stack(0x000000a37b600000,0x000000a37b700000)]

Stack: [0x000000a37b600000,0x000000a37b700000]
Native frames: (J=compiled Java code, j=interpreted, Vv=VM code, C=native code)
V  [jvm.dll+0x32fc49]
V  [jvm.dll+0x2761a2]
V  [jvm.dll+0x276e4d]
V  [jvm.dll+0x26d7f5]
V  [jvm.dll+0xd5a0c]
V  [jvm.dll+0xd620c]
V  [jvm.dll+0xd5d5d]
V  [jvm.dll+0x4c7b6f]
V  [jvm.dll+0x424913]
V  [jvm.dll+0x4e0bae]
V  [jvm.dll+0x4c0c83]
V  [jvm.dll+0x4678ec]
V  [jvm.dll+0x4dadb8]
V  [jvm.dll+0x4da97b]
V  [jvm.dll+0x4d6b6d]
V  [jvm.dll+0x4d101c]
V  [jvm.dll+0x4d06bb]
V  [jvm.dll+0x4ce99f]
V  [jvm.dll+0x42dff0]
V  [jvm.dll+0x4532ce]
V  [jvm.dll+0x4d8a6c]
V  [jvm.dll+0x4d101c]
V  [jvm.dll+0x4d06bb]
V  [jvm.dll+0x4ce99f]
V  [jvm.dll+0x42dff0]
V  [jvm.dll+0x4532ce]
V  [jvm.dll+0x4d8a6c]
V  [jvm.dll+0x4d101c]
V  [jvm.dll+0x4d06bb]
V  [jvm.dll+0x4ce99f]
V  [jvm.dll+0x42dff0]
V  [jvm.dll+0x42eb7b]
V  [jvm.dll+0x4532ce]
V  [jvm.dll+0x4d8a6c]
V  [jvm.dll+0x4d101c]
V  [jvm.dll+0x4d06bb]
V  [jvm.dll+0x4ce99f]
V  [jvm.dll+0x42dff0]
V  [jvm.dll+0x4532ce]
V  [jvm.dll+0x4d8a6c]
V  [jvm.dll+0x4d101c]
V  [jvm.dll+0x4d06bb]
V  [jvm.dll+0x4ce99f]
V  [jvm.dll+0x42dff0]
V  [jvm.dll+0x4532ce]
V  [jvm.dll+0x4d8a6c]
V  [jvm.dll+0x4d101c]
V  [jvm.dll+0x4d06bb]
V  [jvm.dll+0x4ce99f]
V  [jvm.dll+0x42dff0]
V  [jvm.dll+0x4532ce]
V  [jvm.dll+0x4d8a6c]
V  [jvm.dll+0x4d101c]
V  [jvm.dll+0x4d06bb]
V  [jvm.dll+0x4ce99f]
V  [jvm.dll+0x42dff0]
V  [jvm.dll+0x4532ce]
V  [jvm.dll+0x4d8a6c]
V  [jvm.dll+0x4d101c]
V  [jvm.dll+0x4d06bb]
V  [jvm.dll+0x4ce99f]
V  [jvm.dll+0x42dff0]
V  [jvm.dll+0x4532ce]
V  [jvm.dll+0x4d8a6c]
V  [jvm.dll+0x4d101c]
V  [jvm.dll+0x4d06bb]
V  [jvm.dll+0x4ce99f]
V  [jvm.dll+0x42dff0]
V  [jvm.dll+0x4532ce]
V  [jvm.dll+0x4d8a6c]
V  [jvm.dll+0x4d101c]
V  [jvm.dll+0x4d06bb]
V  [jvm.dll+0x4ce99f]
V  [jvm.dll+0x42dff0]
V  [jvm.dll+0x4532ce]
V  [jvm.dll+0x4d8a6c]
V  [jvm.dll+0x4d101c]
V  [jvm.dll+0x4d06bb]
V  [jvm.dll+0x4ce99f]
V  [jvm.dll+0x42dff0]
V  [jvm.dll+0x440d7d]
V  [jvm.dll+0x42becb]
V  [jvm.dll+0xac68b]
V  [jvm.dll+0xaaceb]
V  [jvm.dll+0x23e6f2]
V  [jvm.dll+0x292edc]
C  [ucrtbase.dll+0x210b2]
C  [KERNEL32.DLL+0x17c24]
C  [ntdll.dll+0x6d721]


Current CompileTask:
C2:   3268 2597       4       java.net.URLClassLoader$1::run (5 bytes)


---------------  P R O C E S S  ---------------

Java Threads: ( => current thread )
  0x000001c1044cc800 JavaThread "Unknown thread" [_thread_blocked, id=17788, stack(0x000000a37b900000,0x000000a37ba00000)]
  0x000001c104442000 JavaThread "Unknown thread" [_thread_blocked, id=11580, stack(0x000000a37b800000,0x000000a37b900000)]
  0x000001c104430800 JavaThread "Unknown thread" [_thread_in_native, id=16448, stack(0x000000a37b700000,0x000000a37b800000)]
=>0x000001c10442d000 JavaThread "Unknown thread" [_thread_in_native, id=11104, stack(0x000000a37b600000,0x000000a37b700000)]
  0x000001c10442c000 JavaThread "Unknown thread" [_thread_blocked, id=3640, stack(0x000000a37b500000,0x000000a37b600000)]
  0x000001c104427800 JavaThread "Unknown thread" [_thread_in_native, id=18544, stack(0x000000a37b400000,0x000000a37b500000)]
  0x000001c17e8e9800 JavaThread "Unknown thread" [_thread_blocked, id=12116, stack(0x000000a37b300000,0x000000a37b400000)]
  0x000001c17e892800 JavaThread "Unknown thread" [_thread_blocked, id=6096, stack(0x000000a37b200000,0x000000a37b300000)]
  0x000001c16c5cd000 JavaThread "Unknown thread" [_thread_blocked, id=4128, stack(0x000000a37b100000,0x000000a37b200000)]
  0x000001c16c5bc800 JavaThread "Unknown thread" [_thread_blocked, id=18500, stack(0x000000a37b000000,0x000000a37b100000)]
  0x000001c16c523000 JavaThread "Unknown thread" [_thread_blocked, id=15828, stack(0x000000a37a600000,0x000000a37a700000)]

Other Threads:
  0x000001c16c5b9800 VMThread [stack: 0x000000a37af00000,0x000000a37b000000] [id=12304]
  0x000001c104530800 WatcherThread [stack: 0x000000a37ba00000,0x000000a37bb00000] [id=3648]

VM state:at safepoint (normal execution)

VM Mutex/Monitor currently owned by a thread:  ([mutex/lock_event])
[0x000001c16c51b5f0] Threads_lock - owner thread: 0x000001c16c5b9800
[0x000001c16c51b570] Heap_lock - owner thread: 0x000001c16c523000

heap address: 0x0000000082a00000, size: 2006 MB, Compressed Oops mode: 32-bit
Narrow klass base: 0x0000000000000000, Narrow klass shift: 3
Compressed class space size: 1073741824 Address: 0x0000000100000000

Heap:
 PSYoungGen      total 70656K, used 5118K [0x00000000d6380000, 0x00000000dad80000, 0x0000000100000000)
  eden space 65536K, 0% used [0x00000000d6380000,0x00000000d6380000,0x00000000da380000)
  from space 5120K, 99% used [0x00000000da880000,0x00000000dad7fa18,0x00000000dad80000)
  to   space 5120K, 0% used [0x00000000da380000,0x00000000da380000,0x00000000da880000)
 ParOldGen       total 59904K, used 9857K [0x0000000082a00000, 0x0000000086480000, 0x00000000d6380000)
  object space 59904K, 16% used [0x0000000082a00000,0x00000000833a0478,0x0000000086480000)
 Metaspace       used 25723K, capacity 27084K, committed 27136K, reserved 1073152K
  class space    used 3313K, capacity 3562K, committed 3584K, reserved 1048576K

Card table byte_map: [0x000001c17d190000,0x000001c17d580000] byte_map_base: 0x000001c17cd7b000

Marking Bits: (ParMarkBitMap*) 0x00000000522b9030
 Begin Bits: [0x000001c100000000, 0x000001c101f58000)
 End Bits:   [0x000001c101f58000, 0x000001c103eb0000)

Polling page: 0x000001c16c450000

CodeCache: size=245760Kb used=8769Kb max_used=8781Kb free=236990Kb
 bounds [0x000001c16ddd0000, 0x000001c16e670000, 0x000001c17cdd0000]
 total_blobs=2993 nmethods=2609 adapters=295
 compilation: disabled (not enough contiguous free space left)

Compilation events (10 events):
Event: 3.179 Thread 0x000001c104442000 nmethod 2609 0x000001c16e65a290 code [0x000001c16e65a400, 0x000001c16e65a7b0]
Event: 3.179 Thread 0x000001c104442000 2610       3       java.lang.reflect.WeakCache$CacheKey::equals (46 bytes)
Event: 3.179 Thread 0x000001c104442000 nmethod 2610 0x000001c16e658a10 code [0x000001c16e658b80, 0x000001c16e659178]
Event: 3.179 Thread 0x000001c104442000 2611       3       java.lang.Class::getMethods (17 bytes)
Event: 3.179 Thread 0x000001c104442000 nmethod 2611 0x000001c16e659dd0 code [0x000001c16e659f60, 0x000001c16e65a1a0]
Event: 3.180 Thread 0x000001c104442000 2612       3       java.lang.reflect.Method::equals (69 bytes)
Event: 3.180 Thread 0x000001c104442000 nmethod 2612 0x000001c16e657dd0 code [0x000001c16e657f60, 0x000001c16e6588d0]
Event: 3.180 Thread 0x000001c104442000 2613   !   3       java.lang.reflect.Executable::sharedToGenericString (329 bytes)
Event: 3.184 Thread 0x000001c10442c000 nmethod 2606 0x000001c16e668a50 code [0x000001c16e668bc0, 0x000001c16e668e88]
Event: 3.188 Thread 0x000001c104442000 


GC Heap History (10 events):
Event: 1.363 GC heap before
{Heap before GC invocations=2 (full 0):
 PSYoungGen      total 37888K, used 37181K [0x00000000d6380000, 0x00000000d8d80000, 0x0000000100000000)
  eden space 32768K, 100% used [0x00000000d6380000,0x00000000d8380000,0x00000000d8380000)
  from space 5120K, 86% used [0x00000000d8380000,0x00000000d87cf458,0x00000000d8880000)
  to   space 5120K, 0% used [0x00000000d8880000,0x00000000d8880000,0x00000000d8d80000)
 ParOldGen       total 86016K, used 16K [0x0000000082a00000, 0x0000000087e00000, 0x00000000d6380000)
  object space 86016K, 0% used [0x0000000082a00000,0x0000000082a04000,0x0000000087e00000)
 Metaspace       used 12780K, capacity 13244K, committed 13440K, reserved 1060864K
  class space    used 1535K, capacity 1660K, committed 1664K, reserved 1048576K
Event: 1.374 GC heap after
Heap after GC invocations=2 (full 0):
 PSYoungGen      total 37888K, used 5108K [0x00000000d6380000, 0x00000000dad80000, 0x0000000100000000)
  eden space 32768K, 0% used [0x00000000d6380000,0x00000000d6380000,0x00000000d8380000)
  from space 5120K, 99% used [0x00000000d8880000,0x00000000d8d7d1f0,0x00000000d8d80000)
  to   space 5120K, 0% used [0x00000000d8380000,0x00000000d8380000,0x00000000d8880000)
 ParOldGen       total 86016K, used 557K [0x0000000082a00000, 0x0000000087e00000, 0x00000000d6380000)
  object space 86016K, 0% used [0x0000000082a00000,0x0000000082a8b490,0x0000000087e00000)
 Metaspace       used 12780K, capacity 13244K, committed 13440K, reserved 1060864K
  class space    used 1535K, capacity 1660K, committed 1664K, reserved 1048576K
}
Event: 1.924 GC heap before
{Heap before GC invocations=3 (full 0):
 PSYoungGen      total 37888K, used 37876K [0x00000000d6380000, 0x00000000dad80000, 0x0000000100000000)
  eden space 32768K, 100% used [0x00000000d6380000,0x00000000d8380000,0x00000000d8380000)
  from space 5120K, 99% used [0x00000000d8880000,0x00000000d8d7d1f0,0x00000000d8d80000)
  to   space 5120K, 0% used [0x00000000d8380000,0x00000000d8380000,0x00000000d8880000)
 ParOldGen       total 86016K, used 557K [0x0000000082a00000, 0x0000000087e00000, 0x00000000d6380000)
  object space 86016K, 0% used [0x0000000082a00000,0x0000000082a8b490,0x0000000087e00000)
 Metaspace       used 17117K, capacity 17956K, committed 18176K, reserved 1064960K
  class space    used 2125K, capacity 2288K, committed 2304K, reserved 1048576K
Event: 1.936 GC heap after
Heap after GC invocations=3 (full 0):
 PSYoungGen      total 37888K, used 5110K [0x00000000d6380000, 0x00000000dad80000, 0x0000000100000000)
  eden space 32768K, 0% used [0x00000000d6380000,0x00000000d6380000,0x00000000d8380000)
  from space 5120K, 99% used [0x00000000d8380000,0x00000000d887da68,0x00000000d8880000)
  to   space 5120K, 0% used [0x00000000da880000,0x00000000da880000,0x00000000dad80000)
 ParOldGen       total 86016K, used 2891K [0x0000000082a00000, 0x0000000087e00000, 0x00000000d6380000)
  object space 86016K, 3% used [0x0000000082a00000,0x0000000082cd2da0,0x0000000087e00000)
 Metaspace       used 17117K, capacity 17956K, committed 18176K, reserved 1064960K
  class space    used 2125K, capacity 2288K, committed 2304K, reserved 1048576K
}
Event: 2.159 GC heap before
{Heap before GC invocations=4 (full 0):
 PSYoungGen      total 37888K, used 32026K [0x00000000d6380000, 0x00000000dad80000, 0x0000000100000000)
  eden space 32768K, 82% used [0x00000000d6380000,0x00000000d7dc9170,0x00000000d8380000)
  from space 5120K, 99% used [0x00000000d8380000,0x00000000d887da68,0x00000000d8880000)
  to   space 5120K, 0% used [0x00000000da880000,0x00000000da880000,0x00000000dad80000)
 ParOldGen       total 86016K, used 2891K [0x0000000082a00000, 0x0000000087e00000, 0x00000000d6380000)
  object space 86016K, 3% used [0x0000000082a00000,0x0000000082cd2da0,0x0000000087e00000)
 Metaspace       used 20224K, capacity 21100K, committed 21248K, reserved 1067008K
  class space    used 2518K, capacity 2732K, committed 2816K, reserved 1048576K
Event: 2.168 GC heap after
Heap after GC invocations=4 (full 0):
 PSYoungGen      total 70656K, used 5093K [0x00000000d6380000, 0x00000000dad80000, 0x0000000100000000)
  eden space 65536K, 0% used [0x00000000d6380000,0x00000000d6380000,0x00000000da380000)
  from space 5120K, 99% used [0x00000000da880000,0x00000000dad79580,0x00000000dad80000)
  to   space 5120K, 0% used [0x00000000da380000,0x00000000da380000,0x00000000da880000)
 ParOldGen       total 86016K, used 5688K [0x0000000082a00000, 0x0000000087e00000, 0x00000000d6380000)
  object space 86016K, 6% used [0x0000000082a00000,0x0000000082f8e290,0x0000000087e00000)
 Metaspace       used 20224K, capacity 21100K, committed 21248K, reserved 1067008K
  class space    used 2518K, capacity 2732K, committed 2816K, reserved 1048576K
}
Event: 2.168 GC heap before
{Heap before GC invocations=5 (full 1):
 PSYoungGen      total 70656K, used 5093K [0x00000000d6380000, 0x00000000dad80000, 0x0000000100000000)
  eden space 65536K, 0% used [0x00000000d6380000,0x00000000d6380000,0x00000000da380000)
  from space 5120K, 99% used [0x00000000da880000,0x00000000dad79580,0x00000000dad80000)
  to   space 5120K, 0% used [0x00000000da380000,0x00000000da380000,0x00000000da880000)
 ParOldGen       total 86016K, used 5688K [0x0000000082a00000, 0x0000000087e00000, 0x00000000d6380000)
  object space 86016K, 6% used [0x0000000082a00000,0x0000000082f8e290,0x0000000087e00000)
 Metaspace       used 20224K, capacity 21100K, committed 21248K, reserved 1067008K
  class space    used 2518K, capacity 2732K, committed 2816K, reserved 1048576K
Event: 2.211 GC heap after
Heap after GC invocations=5 (full 1):
 PSYoungGen      total 70656K, used 0K [0x00000000d6380000, 0x00000000dad80000, 0x0000000100000000)
  eden space 65536K, 0% used [0x00000000d6380000,0x00000000d6380000,0x00000000da380000)
  from space 5120K, 0% used [0x00000000da880000,0x00000000da880000,0x00000000dad80000)
  to   space 5120K, 0% used [0x00000000da380000,0x00000000da380000,0x00000000da880000)
 ParOldGen       total 59904K, used 7675K [0x0000000082a00000, 0x0000000086480000, 0x00000000d6380000)
  object space 59904K, 12% used [0x0000000082a00000,0x000000008317efd8,0x0000000086480000)
 Metaspace       used 20224K, capacity 21100K, committed 21248K, reserved 1067008K
  class space    used 2518K, capacity 2732K, committed 2816K, reserved 1048576K
}
Event: 2.926 GC heap before
{Heap before GC invocations=6 (full 1):
 PSYoungGen      total 70656K, used 65536K [0x00000000d6380000, 0x00000000dad80000, 0x0000000100000000)
  eden space 65536K, 100% used [0x00000000d6380000,0x00000000da380000,0x00000000da380000)
  from space 5120K, 0% used [0x00000000da880000,0x00000000da880000,0x00000000dad80000)
  to   space 5120K, 0% used [0x00000000da380000,0x00000000da380000,0x00000000da880000)
 ParOldGen       total 59904K, used 7675K [0x0000000082a00000, 0x0000000086480000, 0x00000000d6380000)
  object space 59904K, 12% used [0x0000000082a00000,0x000000008317efd8,0x0000000086480000)
 Metaspace       used 24176K, capacity 25432K, committed 25728K, reserved 1071104K
  class space    used 3089K, capacity 3362K, committed 3456K, reserved 1048576K
Event: 2.933 GC heap after
Heap after GC invocations=6 (full 1):
 PSYoungGen      total 70656K, used 5091K [0x00000000d6380000, 0x00000000dad80000, 0x0000000100000000)
  eden space 65536K, 0% used [0x00000000d6380000,0x00000000d6380000,0x00000000da380000)
  from space 5120K, 99% used [0x00000000da380000,0x00000000da878db0,0x00000000da880000)
  to   space 5120K, 0% used [0x00000000da880000,0x00000000da880000,0x00000000dad80000)
 ParOldGen       total 59904K, used 9788K [0x0000000082a00000, 0x0000000086480000, 0x00000000d6380000)
  object space 59904K, 16% used [0x0000000082a00000,0x000000008338f278,0x0000000086480000)
 Metaspace       used 24176K, capacity 25432K, committed 25728K, reserved 1071104K
  class space    used 3089K, capacity 3362K, committed 3456K, reserved 1048576K
}

Deoptimization events (10 events):
Event: 3.031 Thread 0x000001c16c523000 Uncommon trap: reason=unstable_if action=reinterpret pc=0x000001c16e53cbe0 method=org.springframework.beans.factory.support.AbstractBeanFactory.getBeanPostProcessorCache()Lorg/springframework/beans/factory/support/AbstractBeanFactory$BeanPostProcessorCach
Event: 3.081 Thread 0x000001c16c523000 Uncommon trap: reason=unstable_if action=reinterpret pc=0x000001c16e44aec8 method=org.springframework.util.ConcurrentReferenceHashMap$Segment.findInChain(Lorg/springframework/util/ConcurrentReferenceHashMap$Reference;Ljava/lang/Object;I)Lorg/springframewo
Event: 3.094 Thread 0x000001c16c523000 Uncommon trap: reason=unstable_if action=reinterpret pc=0x000001c16e47d6d8 method=org.springframework.beans.factory.support.AbstractBeanFactory.getBeanPostProcessorCache()Lorg/springframework/beans/factory/support/AbstractBeanFactory$BeanPostProcessorCach
Event: 3.102 Thread 0x000001c16c523000 Uncommon trap: reason=unstable_if action=reinterpret pc=0x000001c16e5205c4 method=org.springframework.beans.factory.support.DefaultSingletonBeanRegistry.getSingleton(Ljava/lang/String;Z)Ljava/lang/Object; @ 20
Event: 3.111 Thread 0x000001c16c523000 Uncommon trap: reason=class_check action=maybe_recompile pc=0x000001c16e2e3aa8 method=java.util.concurrent.ConcurrentHashMap.putVal(Ljava/lang/Object;Ljava/lang/Object;Z)Ljava/lang/Object; @ 192
Event: 3.111 Thread 0x000001c16c523000 Uncommon trap: reason=unstable_if action=reinterpret pc=0x000001c16e334344 method=java.util.concurrent.ConcurrentHashMap.get(Ljava/lang/Object;)Ljava/lang/Object; @ 76
Event: 3.113 Thread 0x000001c16c523000 Uncommon trap: reason=unstable_if action=reinterpret pc=0x000001c16e364724 method=jdk.internal.org.objectweb.asm.Item.isEqualTo(Ljdk/internal/org/objectweb/asm/Item;)Z @ 331
Event: 3.170 Thread 0x000001c16c523000 Uncommon trap: reason=unstable_if action=reinterpret pc=0x000001c16e6408b0 method=java.lang.reflect.Method.equals(Ljava/lang/Object;)Z @ 1
Event: 3.179 Thread 0x000001c16c523000 Uncommon trap: reason=unstable_if action=reinterpret pc=0x000001c16e44c264 method=org.springframework.util.ConcurrentReferenceHashMap$Segment.findInChain(Lorg/springframework/util/ConcurrentReferenceHashMap$Reference;Ljava/lang/Object;I)Lorg/springframewo
Event: 3.179 Thread 0x000001c16c523000 Uncommon trap: reason=unstable_if action=reinterpret pc=0x000001c16e42f6bc method=org.springframework.util.ConcurrentReferenceHashMap$Segment.findInChain(Lorg/springframework/util/ConcurrentReferenceHashMap$Reference;Ljava/lang/Object;I)Lorg/springframewo

Classes redefined (0 events):
No events

Internal exceptions (10 events):
Event: 3.168 Thread 0x000001c16c523000 Exception <a 'java/lang/ClassNotFoundException': org/springframework/transaction/annotation/ProxyTransactionManagementConfigurationCustomizer> (0x00000000d78945e8) thrown at [C:\jenkins\workspace\8-2-build-windows-amd64-cygwin\jdk8u333\2551\hotspot\src\sh
Event: 3.169 Thread 0x000001c16c523000 Exception <a 'java/lang/ClassNotFoundException': org/springframework/context/annotation/ImportAwareCustomizer> (0x00000000d78b1f40) thrown at [C:\jenkins\workspace\8-2-build-windows-amd64-cygwin\jdk8u333\2551\hotspot\src\share\vm\classfile\systemDictionar
Event: 3.169 Thread 0x000001c16c523000 Exception <a 'java/lang/ClassNotFoundException': org/springframework/beans/factory/AwareCustomizer> (0x00000000d78c8a80) thrown at [C:\jenkins\workspace\8-2-build-windows-amd64-cygwin\jdk8u333\2551\hotspot\src\share\vm\classfile\systemDictionary.cpp, line
Event: 3.170 Thread 0x000001c16c523000 Implicit null exception at 0x000001c16e64070c to 0x000001c16e64089c
Event: 3.180 Thread 0x000001c16c523000 Exception <a 'java/lang/ClassNotFoundException': java/lang/ObjectCustomizer> (0x00000000d7930f28) thrown at [C:\jenkins\workspace\8-2-build-windows-amd64-cygwin\jdk8u333\2551\hotspot\src\share\vm\classfile\systemDictionary.cpp, line 212]
Event: 3.181 Thread 0x000001c16c523000 Exception <a 'java/lang/ClassNotFoundException': org/springframework/transaction/interceptor/AbstractFallbackTransactionAttributeSourceCustomizer> (0x00000000d79575d0) thrown at [C:\jenkins\workspace\8-2-build-windows-amd64-cygwin\jdk8u333\2551\hotspot\sr
Event: 3.182 Thread 0x000001c16c523000 Exception <a 'java/lang/ClassNotFoundException': org/springframework/transaction/annotation/AnnotationTransactionAttributeSourceCustomizer> (0x00000000d797baa8) thrown at [C:\jenkins\workspace\8-2-build-windows-amd64-cygwin\jdk8u333\2551\hotspot\src\share
Event: 3.183 Thread 0x000001c16c523000 Exception <a 'java/lang/ClassNotFoundException': org/springframework/transaction/interceptor/TransactionAttributeSourceCustomizer> (0x00000000d799f8e8) thrown at [C:\jenkins\workspace\8-2-build-windows-amd64-cygwin\jdk8u333\2551\hotspot\src\share\vm\class
Event: 3.184 Thread 0x000001c16c523000 Exception <a 'java/lang/ClassNotFoundException': org/springframework/context/EmbeddedValueResolverAwareCustomizer> (0x00000000d79bc1b0) thrown at [C:\jenkins\workspace\8-2-build-windows-amd64-cygwin\jdk8u333\2551\hotspot\src\share\vm\classfile\systemDicti
Event: 3.184 Thread 0x000001c16c523000 Exception <a 'java/lang/ClassNotFoundException': org/springframework/beans/factory/AwareCustomizer> (0x00000000d79d2ce0) thrown at [C:\jenkins\workspace\8-2-build-windows-amd64-cygwin\jdk8u333\2551\hotspot\src\share\vm\classfile\systemDictionary.cpp, line

Events (10 events):
Event: 3.188 loading class org/springframework/transaction/interceptor/TransactionAspectSupport$InvocationCallback
Event: 3.188 loading class org/springframework/transaction/interceptor/TransactionAspectSupport$InvocationCallback done
Event: 3.189 loading class io/vavr/control/Try
Event: 3.189 loading class io/vavr/control/Try done
Event: 3.189 loading class io/vavr/control$Try
Event: 3.189 loading class io/vavr/control$Try done
Event: 3.189 loading class org/reactivestreams/Publisher
Event: 3.189 loading class org/reactivestreams/Publisher done
Event: 3.189 loading class org/reactivestreams$Publisher
Event: 3.189 loading class org/reactivestreams$Publisher done


Dynamic libraries:
0x00007ff7936e0000 - 0x00007ff793727000 	D:\java\jdk-8u333\bin\java.exe
0x00007ffe473c0000 - 0x00007ffe475b0000 	C:\WINDOWS\SYSTEM32\ntdll.dll
0x00007ffe45a60000 - 0x00007ffe45b12000 	C:\WINDOWS\System32\KERNEL32.DLL
0x00007ffe44990000 - 0x00007ffe44c35000 	C:\WINDOWS\System32\KERNELBASE.dll
0x00007ffe45880000 - 0x00007ffe45923000 	C:\WINDOWS\System32\ADVAPI32.dll
0x00007ffe45ce0000 - 0x00007ffe45d7e000 	C:\WINDOWS\System32\msvcrt.dll
0x00007ffe47060000 - 0x00007ffe470f7000 	C:\WINDOWS\System32\sechost.dll
0x00007ffe45bb0000 - 0x00007ffe45ccf000 	C:\WINDOWS\System32\RPCRT4.dll
0x00007ffe46dc0000 - 0x00007ffe46f54000 	C:\WINDOWS\System32\USER32.dll
0x00007ffe448b0000 - 0x00007ffe448d1000 	C:\WINDOWS\System32\win32u.dll
0x00007ffe47160000 - 0x00007ffe47186000 	C:\WINDOWS\System32\GDI32.dll
0x00007ffe44540000 - 0x00007ffe446d8000 	C:\WINDOWS\System32\gdi32full.dll
0x00007ffe447e0000 - 0x00007ffe4487e000 	C:\WINDOWS\System32\msvcp_win.dll
0x00007ffe446e0000 - 0x00007ffe447da000 	C:\WINDOWS\System32\ucrtbase.dll
0x00007ffe2b2a0000 - 0x00007ffe2b524000 	C:\WINDOWS\WinSxS\amd64_microsoft.windows.common-controls_6595b64144ccf1df_6.0.18362.1556_none_9e7e372fe45e41d5\COMCTL32.dll
0x00007ffe45470000 - 0x00007ffe457a6000 	C:\WINDOWS\System32\combase.dll
0x00007ffe44c40000 - 0x00007ffe44cc1000 	C:\WINDOWS\System32\bcryptPrimitives.dll
0x00007ffe45d80000 - 0x00007ffe45dae000 	C:\WINDOWS\System32\IMM32.DLL
0x00007ffe3c690000 - 0x00007ffe3c6a5000 	D:\java\jdk-8u333\jre\bin\vcruntime140.dll
0x00007ffe2ab90000 - 0x00007ffe2ac2b000 	D:\java\jdk-8u333\jre\bin\msvcp140.dll
0x0000000051ad0000 - 0x0000000052331000 	D:\java\jdk-8u333\jre\bin\server\jvm.dll
0x00007ffe45cd0000 - 0x00007ffe45cd8000 	C:\WINDOWS\System32\PSAPI.DLL
0x00007ffe43e50000 - 0x00007ffe43e5a000 	C:\WINDOWS\SYSTEM32\VERSION.dll
0x00007ffe422f0000 - 0x00007ffe42314000 	C:\WINDOWS\SYSTEM32\WINMM.dll
0x00007ffe3c5b0000 - 0x00007ffe3c5b9000 	C:\WINDOWS\SYSTEM32\WSOCK32.dll
0x00007ffe46ff0000 - 0x00007ffe4705f000 	C:\WINDOWS\System32\WS2_32.dll
0x00007ffe421c0000 - 0x00007ffe421ed000 	C:\WINDOWS\SYSTEM32\WINMMBASE.dll
0x00007ffe448e0000 - 0x00007ffe4492a000 	C:\WINDOWS\System32\cfgmgr32.dll
0x00007ffe442a0000 - 0x00007ffe442b1000 	C:\WINDOWS\System32\kernel.appcore.dll
0x00007ffe409b0000 - 0x00007ffe409c0000 	D:\java\jdk-8u333\jre\bin\verify.dll
0x00007ffe3c580000 - 0x00007ffe3c5ab000 	D:\java\jdk-8u333\jre\bin\java.dll
0x00007ffe2a0f0000 - 0x00007ffe2a120000 	D:\java\jdk-8u333\jre\bin\instrument.dll
0x00007ffe313f0000 - 0x00007ffe31408000 	D:\java\jdk-8u333\jre\bin\zip.dll
0x00007ffe45db0000 - 0x00007ffe46497000 	C:\WINDOWS\System32\SHELL32.dll
0x00007ffe46cb0000 - 0x00007ffe46d58000 	C:\WINDOWS\System32\shcore.dll
0x00007ffe44cf0000 - 0x00007ffe4546b000 	C:\WINDOWS\System32\windows.storage.dll
0x00007ffe442c0000 - 0x00007ffe442de000 	C:\WINDOWS\System32\profapi.dll
0x00007ffe442e0000 - 0x00007ffe4432a000 	C:\WINDOWS\System32\powrprof.dll
0x00007ffe44270000 - 0x00007ffe44280000 	C:\WINDOWS\System32\UMPDC.dll
0x00007ffe45930000 - 0x00007ffe45982000 	C:\WINDOWS\System32\shlwapi.dll
0x00007ffe44cd0000 - 0x00007ffe44ce7000 	C:\WINDOWS\System32\cryptsp.dll
0x00007ffe2a0d0000 - 0x00007ffe2a0ea000 	E:\IntelliJ IDEA\IntelliJ IDEA 2021.3.3\bin\breakgen64.dll
0x00007ffe2a140000 - 0x00007ffe2a15c000 	D:\java\jdk-8u333\jre\bin\net.dll
0x00007ffe439e0000 - 0x00007ffe43a47000 	C:\WINDOWS\system32\mswsock.dll
0x00007ffe2a120000 - 0x00007ffe2a133000 	D:\java\jdk-8u333\jre\bin\nio.dll
0x00007ffe32470000 - 0x00007ffe3247d000 	D:\java\jdk-8u333\jre\bin\management.dll
0x00007ffe27950000 - 0x00007ffe27966000 	C:\WINDOWS\system32\napinsp.dll
0x00007ffe27930000 - 0x00007ffe2794a000 	C:\WINDOWS\system32\pnrpnsp.dll
0x00007ffe407f0000 - 0x00007ffe4080c000 	C:\WINDOWS\system32\NLAapi.dll
0x00007ffe436f0000 - 0x00007ffe4372a000 	C:\WINDOWS\SYSTEM32\IPHLPAPI.DLL
0x00007ffe27490000 - 0x00007ffe274a5000 	C:\WINDOWS\system32\wshbth.dll
0x00007ffe43730000 - 0x00007ffe437fb000 	C:\WINDOWS\SYSTEM32\DNSAPI.dll
0x00007ffe45b20000 - 0x00007ffe45b28000 	C:\WINDOWS\System32\NSI.dll
0x00007ffe29770000 - 0x00007ffe2977e000 	C:\WINDOWS\System32\winrnr.dll
0x00007ffe3a8e0000 - 0x00007ffe3a8ea000 	C:\Windows\System32\rasadhlp.dll
0x00007ffe3a8f0000 - 0x00007ffe3a967000 	C:\WINDOWS\System32\fwpuclnt.dll
0x00007ffe44880000 - 0x00007ffe448a6000 	C:\WINDOWS\System32\bcrypt.dll
0x00007ffe3c040000 - 0x00007ffe3c234000 	C:\WINDOWS\SYSTEM32\dbghelp.dll

VM Arguments:
jvm_args: -ea -Didea.test.cyclic.buffer.size=1048576 -javaagent:E:\IntelliJ IDEA\IntelliJ IDEA 2021.3.3\lib\idea_rt.jar=49824:E:\IntelliJ IDEA\IntelliJ IDEA 2021.3.3\bin -Dfile.encoding=UTF-8 
java_command: com.intellij.rt.junit.JUnitStarter -ideVersion5 -junit4 com.fly.store.service.DistrictServiceTest,queryByParent
java_class_path (initial): E:\IntelliJ IDEA\IntelliJ IDEA 2021.3.3\lib\idea_rt.jar;E:\IntelliJ IDEA\IntelliJ IDEA 2021.3.3\plugins\junit\lib\junit5-rt.jar;E:\IntelliJ IDEA\IntelliJ IDEA 2021.3.3\plugins\junit\lib\junit-rt.jar;D:\java\jdk-8u333\jre\lib\charsets.jar;D:\java\jdk-8u333\jre\lib\deploy.jar;D:\java\jdk-8u333\jre\lib\ext\access-bridge-64.jar;D:\java\jdk-8u333\jre\lib\ext\cldrdata.jar;D:\java\jdk-8u333\jre\lib\ext\dnsns.jar;D:\java\jdk-8u333\jre\lib\ext\jaccess.jar;D:\java\jdk-8u333\jre\lib\ext\jfxrt.jar;D:\java\jdk-8u333\jre\lib\ext\localedata.jar;D:\java\jdk-8u333\jre\lib\ext\nashorn.jar;D:\java\jdk-8u333\jre\lib\ext\sunec.jar;D:\java\jdk-8u333\jre\lib\ext\sunjce_provider.jar;D:\java\jdk-8u333\jre\lib\ext\sunmscapi.jar;D:\java\jdk-8u333\jre\lib\ext\sunpkcs11.jar;D:\java\jdk-8u333\jre\lib\ext\zipfs.jar;D:\java\jdk-8u333\jre\lib\javaws.jar;D:\java\jdk-8u333\jre\lib\jce.jar;D:\java\jdk-8u333\jre\lib\jfr.jar;D:\java\jdk-8u333\jre\lib\jfxswt.jar;D:\java\jdk-8u333\jre\lib\jsse.jar;D:\java\jdk-8u333\jre\lib\management-agent.jar;D:\java\jdk-8u333\jre\lib\plugin.jar;D:\java\jdk-8u333\jre\lib\resources.jar;D:\java\jdk-8u333\jre\lib\rt.jar;D:\java\projects\store\target\test-classes;D:\java\projects\store\target\classes;D:\java\NewMaven\maven_repository\org\springframework\boot\spring-boot-starter-web\2.7.2\spring-boot-starter-web-2.7.2.jar;D:\java\NewMaven\maven_repository\org\springframework\boot\spring-boot-starter\2.7.2\spring-boot-starter-2.7.2.jar;D:\java\NewMaven\maven_repository\org\springframework\boot\spring-boot\2.7.2\spring-boot-2.7.2.jar;D:\java\NewMaven\maven_repository\org\springframework\boot\spring-boot-autoconfigure\2.7.2\spring-boot-autoconfigure-2.7.2.jar;D:\java\NewMaven\maven_repository\org\springframework\boot\spring-boot-starter-logging\2.7.2\spring-boot-starter-logging-2.7.2.jar;D:\java\NewMaven\maven_repository\ch\qos\logback\logback-classic\1.2.11\logback-classic-1.2.11.jar;D:\java\NewMaven\maven_repository\ch\qos\logback\logback-core\1.2.
Launcher Type: SUN_STANDARD

Environment Variables:
JAVA_HOME=D:\java\jdk-11.0.15.1
CLASSPATH=.;D:\java\mysql-connector-java-8.0.17\mysql-connector-java-8.0.17.jar;
PATH=C:\Windows\system32;C:\Windows;C:\Windows\System32\Wbem;C:\Windows\System32\WindowsPowerShell\v1.0\;C:\Windows\System32\OpenSSH\;C:\Program Files (x86)\NVIDIA Corporation\PhysX\Common;C:\Program Files\NVIDIA Corporation\NVIDIA NvDLISR;C:\WINDOWS\system32;C:\WINDOWS;C:\WINDOWS\System32\Wbem;C:\WINDOWS\System32\WindowsPowerShell\v1.0\;C:\WINDOWS\System32\OpenSSH\;C:\Program Files\Google\Chrome\Application\CheomeDriver;D:\python\python3.6.0\;D:\python\python3.6.0\Scripts\;C:\Program Files\Common Files\Oracle\Java\javapath;D:\java\jdk-11.0.15.1\bin;D:\java\maven\apache-maven-3.3.3\bin;E:\Tomcat\apache-tomcat-10.0.22\bin;D:\SDK\scala-2.13.6\bin;C:\Program Files\nodejs\;E:\Anaconda;E:\Anaconda\Library\mingw-w64\bin;E:\Anaconda\Library\usr\bin;E:\Anaconda\Library\bin;E:\Anaconda\Scripts;C:\Users\86151\AppData\Local\Microsoft\WindowsApps;D:\Mysql\mysql\AppServ\Apache24\bin;D:\Mysql\mysql\AppServ\php7;D:\Mysql\mysql\AppServ\MySQL\bin;E:\IntelliJ IDEA\IntelliJ IDEA Community Edition 2021.1.2\bin;;E:\IntelliJ IDEA\IntelliJ IDEA 2022.1.3\bin;;C:\Users\86151\AppData\Roaming\npm
USERNAME=86151
OS=Windows_NT
PROCESSOR_IDENTIFIER=Intel64 Family 6 Model 142 Stepping 12, GenuineIntel



---------------  S Y S T E M  ---------------

OS: Windows 10 , 64 bit Build 18362 (10.0.18362.1500)

CPU:total 8 (initial active 8) (4 cores per cpu, 2 threads per core) family 6 model 142 stepping 12, cmov, cx8, fxsr, mmx, sse, sse2, sse3, ssse3, sse4.1, sse4.2, popcnt, avx, avx2, aes, clmul, erms, 3dnowpref, lzcnt, ht, tsc, tscinvbit, bmi1, bmi2, adx

Memory: 4k page, physical 8215268k(2024228k free), swap 19195744k(5252k free)

vm_info: Java HotSpot(TM) 64-Bit Server VM (25.333-b02) for windows-amd64 JRE (1.8.0_333-b02), built on Apr 25 2022 22:49:11 by "java_re" with MS VC++ 15.9 (VS2017)

time: Fri Aug  5 23:41:49 2022
timezone: ?D1¨²¡À¨º¡Á?¨º¡À??
elapsed time: 3.274268 seconds (0d 0h 0m 3s)

