#
# There is insufficient memory for the Java Runtime Environment to continue.
# Native memory allocation (malloc) failed to allocate 83936 bytes for Chunk::new
# Possible reasons:
#   The system is out of physical RAM or swap space
#   The process is running with CompressedOops enabled, and the Java Heap may be blocking the growth of the native heap
# Possible solutions:
#   Reduce memory load on the system
#   Increase physical memory or swap space
#   Check if swap backing store is full
#   Decrease Java heap size (-Xmx/-Xms)
#   Decrease number of Java threads
#   Decrease Java thread stack sizes (-Xss)
#   Set larger code cache with -XX:ReservedCodeCacheSize=
#   JVM is running with Unscaled Compressed Oops mode in which the Java heap is
#     placed in the first 4GB address space. The Java Heap base address is the
#     maximum limit for the native heap growth. Please use -XX:HeapBaseMinAddress
#     to set the Java Heap base and to place the Java Heap above 4GB virtual address.
# This output file may be truncated or incomplete.
#
#  Out of Memory Error (allocation.cpp:389), pid=1872, tid=0x000000000000284c
#
# JRE version: Java(TM) SE Runtime Environment (8.0_333-b02) (build 1.8.0_333-b02)
# Java VM: Java HotSpot(TM) 64-Bit Server VM (25.333-b02 mixed mode windows-amd64 compressed oops)
# Failed to write core dump. Minidumps are not enabled by default on client versions of Windows
#

---------------  T H R E A D  ---------------

Current thread (0x00000292de6d0800):  JavaThread "C2 CompilerThread2" daemon [_thread_in_native, id=10316, stack(0x000000996c600000,0x000000996c700000)]

Stack: [0x000000996c600000,0x000000996c700000]
Native frames: (J=compiled Java code, j=interpreted, Vv=VM code, C=native code)
V  [jvm.dll+0x32fc49]
V  [jvm.dll+0x2761a2]
V  [jvm.dll+0x276e4d]
V  [jvm.dll+0x26d7f5]
V  [jvm.dll+0xd5a0c]
V  [jvm.dll+0xd620c]
V  [jvm.dll+0x4541c2]
V  [jvm.dll+0x48f27d]
V  [jvm.dll+0x4433b0]
V  [jvm.dll+0x440ffb]
V  [jvm.dll+0x42becb]
V  [jvm.dll+0xac68b]
V  [jvm.dll+0xaaceb]
V  [jvm.dll+0x23e6f2]
V  [jvm.dll+0x292edc]
C  [ucrtbase.dll+0x210b2]
C  [KERNEL32.DLL+0x17c24]
C  [ntdll.dll+0x6d721]


Current CompileTask:
C2:   3497 1578   !   4       java.util.WeakHashMap::expungeStaleEntries (139 bytes)


---------------  P R O C E S S  ---------------

Java Threads: ( => current thread )
  0x00000292e0b30800 JavaThread "background-preinit" [_thread_in_vm, id=14440, stack(0x000000996ca00000,0x000000996cb00000)]
  0x00000292de775000 JavaThread "Service Thread" daemon [_thread_blocked, id=5960, stack(0x000000996c800000,0x000000996c900000)]
  0x00000292de6e1800 JavaThread "C1 CompilerThread3" daemon [_thread_blocked, id=14520, stack(0x000000996c700000,0x000000996c800000)]
=>0x00000292de6d0800 JavaThread "C2 CompilerThread2" daemon [_thread_in_native, id=10316, stack(0x000000996c600000,0x000000996c700000)]
  0x00000292de6ce800 JavaThread "C2 CompilerThread1" daemon [_thread_in_vm, id=18360, stack(0x000000996c500000,0x000000996c600000)]
  0x00000292de6cb800 JavaThread "C2 CompilerThread0" daemon [_thread_in_native, id=14988, stack(0x000000996c400000,0x000000996c500000)]
  0x00000292de6c7800 JavaThread "Monitor Ctrl-Break" daemon [_thread_in_native, id=14232, stack(0x000000996c300000,0x000000996c400000)]
  0x00000292dcacd800 JavaThread "Attach Listener" daemon [_thread_blocked, id=3920, stack(0x000000996c200000,0x000000996c300000)]
  0x00000292dcacd000 JavaThread "Signal Dispatcher" daemon [_thread_blocked, id=15964, stack(0x000000996c100000,0x000000996c200000)]
  0x00000292c66cc000 JavaThread "Finalizer" daemon [_thread_blocked, id=4940, stack(0x000000996c000000,0x000000996c100000)]
  0x00000292dca58000 JavaThread "Reference Handler" daemon [_thread_blocked, id=14308, stack(0x000000996bf00000,0x000000996c000000)]
  0x00000292c6625000 JavaThread "main" [_thread_blocked, id=12124, stack(0x000000996b500000,0x000000996b600000)]

Other Threads:
  0x00000292dca31000 VMThread [stack: 0x000000996be00000,0x000000996bf00000] [id=16960]
  0x00000292de7cd000 WatcherThread [stack: 0x000000996c900000,0x000000996ca00000] [id=4996]

VM state:not at safepoint (normal execution)

VM Mutex/Monitor currently owned by a thread: None

heap address: 0x0000000082a00000, size: 2006 MB, Compressed Oops mode: 32-bit
Narrow klass base: 0x0000000000000000, Narrow klass shift: 3
Compressed class space size: 1073741824 Address: 0x0000000100000000

Heap:
 PSYoungGen      total 37888K, used 17214K [0x00000000d6380000, 0x00000000d9d00000, 0x0000000100000000)
  eden space 32768K, 52% used [0x00000000d6380000,0x00000000d744fac8,0x00000000d8380000)
  from space 5120K, 0% used [0x00000000d9800000,0x00000000d9800000,0x00000000d9d00000)
  to   space 5120K, 0% used [0x00000000d8380000,0x00000000d8380000,0x00000000d8880000)
 ParOldGen       total 52736K, used 6129K [0x0000000082a00000, 0x0000000085d80000, 0x00000000d6380000)
  object space 52736K, 11% used [0x0000000082a00000,0x0000000082ffc498,0x0000000085d80000)
 Metaspace       used 19305K, capacity 20280K, committed 20608K, reserved 1075200K
  class space    used 2411K, capacity 2632K, committed 2688K, reserved 1048576K

Card table byte_map: [0x00000292d74c0000,0x00000292d78b0000] byte_map_base: 0x00000292d70ab000

Marking Bits: (ParMarkBitMap*) 0x00000000522b9030
 Begin Bits: [0x00000292d7b50000, 0x00000292d9aa8000)
 End Bits:   [0x00000292d9aa8000, 0x00000292dba00000)

Polling page: 0x00000292c65c0000

CodeCache: size=245760Kb used=5428Kb max_used=5428Kb free=240331Kb
 bounds [0x00000292c8100000, 0x00000292c8650000, 0x00000292d7100000]
 total_blobs=1951 nmethods=1583 adapters=280
 compilation: enabled

Compilation events (10 events):
Event: 3.429 Thread 0x00000292de6e1800 nmethod 1571 0x00000292c8647710 code [0x00000292c8647880, 0x00000292c8647a90]
Event: 3.431 Thread 0x00000292de6e1800 1572       3       sun.reflect.ClassFileAssembler::setStack (25 bytes)
Event: 3.431 Thread 0x00000292de6e1800 nmethod 1572 0x00000292c8647390 code [0x00000292c86474e0, 0x00000292c8647678]
Event: 3.431 Thread 0x00000292de6e1800 1573       3       java.util.Arrays::fill (21 bytes)
Event: 3.432 Thread 0x00000292de6e1800 nmethod 1573 0x00000292c8646f50 code [0x00000292c86470c0, 0x00000292c86472b8]
Event: 3.432 Thread 0x00000292de6e1800 1574       3       java.lang.Character::isJavaIdentifierPart (5 bytes)
Event: 3.432 Thread 0x00000292de6e1800 nmethod 1574 0x00000292c864b2d0 code [0x00000292c864b440, 0x00000292c864b6e0]
Event: 3.432 Thread 0x00000292de6e1800 1575       3       java.lang.Character::isJavaIdentifierPart (9 bytes)
Event: 3.432 Thread 0x00000292de6e1800 nmethod 1575 0x00000292c864b810 code [0x00000292c864b980, 0x00000292c864bbc0]
Event: 3.459 Thread 0x00000292de6d0800 1578   !   4       java.util.WeakHashMap::expungeStaleEntries (139 bytes)

GC Heap History (10 events):
Event: 1.726 GC heap before
{Heap before GC invocations=2 (full 0):
 PSYoungGen      total 37888K, used 22842K [0x00000000d6380000, 0x00000000d8d80000, 0x0000000100000000)
  eden space 32768K, 56% used [0x00000000d6380000,0x00000000d756cc48,0x00000000d8380000)
  from space 5120K, 87% used [0x00000000d8380000,0x00000000d87e1ca0,0x00000000d8880000)
  to   space 5120K, 0% used [0x00000000d8880000,0x00000000d8880000,0x00000000d8d80000)
 ParOldGen       total 86016K, used 16K [0x0000000082a00000, 0x0000000087e00000, 0x00000000d6380000)
  object space 86016K, 0% used [0x0000000082a00000,0x0000000082a04000,0x0000000087e00000)
 Metaspace       used 10924K, capacity 11258K, committed 11392K, reserved 1058816K
  class space    used 1297K, capacity 1377K, committed 1408K, reserved 1048576K
Event: 1.736 GC heap after
Heap after GC invocations=2 (full 0):
 PSYoungGen      total 37888K, used 4171K [0x00000000d6380000, 0x00000000d8d80000, 0x0000000100000000)
  eden space 32768K, 0% used [0x00000000d6380000,0x00000000d6380000,0x00000000d8380000)
  from space 5120K, 81% used [0x00000000d8880000,0x00000000d8c92e28,0x00000000d8d80000)
  to   space 5120K, 0% used [0x00000000d8380000,0x00000000d8380000,0x00000000d8880000)
 ParOldGen       total 86016K, used 24K [0x0000000082a00000, 0x0000000087e00000, 0x00000000d6380000)
  object space 86016K, 0% used [0x0000000082a00000,0x0000000082a06000,0x0000000087e00000)
 Metaspace       used 10924K, capacity 11258K, committed 11392K, reserved 1058816K
  class space    used 1297K, capacity 1377K, committed 1408K, reserved 1048576K
}
Event: 1.736 GC heap before
{Heap before GC invocations=3 (full 1):
 PSYoungGen      total 37888K, used 4171K [0x00000000d6380000, 0x00000000d8d80000, 0x0000000100000000)
  eden space 32768K, 0% used [0x00000000d6380000,0x00000000d6380000,0x00000000d8380000)
  from space 5120K, 81% used [0x00000000d8880000,0x00000000d8c92e28,0x00000000d8d80000)
  to   space 5120K, 0% used [0x00000000d8380000,0x00000000d8380000,0x00000000d8880000)
 ParOldGen       total 86016K, used 24K [0x0000000082a00000, 0x0000000087e00000, 0x00000000d6380000)
  object space 86016K, 0% used [0x0000000082a00000,0x0000000082a06000,0x0000000087e00000)
 Metaspace       used 10924K, capacity 11258K, committed 11392K, reserved 1058816K
  class space    used 1297K, capacity 1377K, committed 1408K, reserved 1048576K
Event: 1.761 GC heap after
Heap after GC invocations=3 (full 1):
 PSYoungGen      total 37888K, used 0K [0x00000000d6380000, 0x00000000d8d80000, 0x0000000100000000)
  eden space 32768K, 0% used [0x00000000d6380000,0x00000000d6380000,0x00000000d8380000)
  from space 5120K, 0% used [0x00000000d8880000,0x00000000d8880000,0x00000000d8d80000)
  to   space 5120K, 0% used [0x00000000d8380000,0x00000000d8380000,0x00000000d8880000)
 ParOldGen       total 52736K, used 3963K [0x0000000082a00000, 0x0000000085d80000, 0x00000000d6380000)
  object space 52736K, 7% used [0x0000000082a00000,0x0000000082ddec80,0x0000000085d80000)
 Metaspace       used 10924K, capacity 11258K, committed 11392K, reserved 1058816K
  class space    used 1297K, capacity 1377K, committed 1408K, reserved 1048576K
}
Event: 2.803 GC heap before
{Heap before GC invocations=4 (full 1):
 PSYoungGen      total 37888K, used 32768K [0x00000000d6380000, 0x00000000d8d80000, 0x0000000100000000)
  eden space 32768K, 100% used [0x00000000d6380000,0x00000000d8380000,0x00000000d8380000)
  from space 5120K, 0% used [0x00000000d8880000,0x00000000d8880000,0x00000000d8d80000)
  to   space 5120K, 0% used [0x00000000d8380000,0x00000000d8380000,0x00000000d8880000)
 ParOldGen       total 52736K, used 3963K [0x0000000082a00000, 0x0000000085d80000, 0x00000000d6380000)
  object space 52736K, 7% used [0x0000000082a00000,0x0000000082ddec80,0x0000000085d80000)
 Metaspace       used 15055K, capacity 15876K, committed 16000K, reserved 1062912K
  class space    used 1901K, capacity 2072K, committed 2176K, reserved 1048576K
Event: 2.811 GC heap after
Heap after GC invocations=4 (full 1):
 PSYoungGen      total 37888K, used 3749K [0x00000000d6380000, 0x00000000d9d00000, 0x0000000100000000)
  eden space 32768K, 0% used [0x00000000d6380000,0x00000000d6380000,0x00000000d8380000)
  from space 5120K, 73% used [0x00000000d8380000,0x00000000d8729548,0x00000000d8880000)
  to   space 5120K, 0% used [0x00000000d9800000,0x00000000d9800000,0x00000000d9d00000)
 ParOldGen       total 52736K, used 3971K [0x0000000082a00000, 0x0000000085d80000, 0x00000000d6380000)
  object space 52736K, 7% used [0x0000000082a00000,0x0000000082de0c80,0x0000000085d80000)
 Metaspace       used 15055K, capacity 15876K, committed 16000K, reserved 1062912K
  class space    used 1901K, capacity 2072K, committed 2176K, reserved 1048576K
}
Event: 3.243 GC heap before
{Heap before GC invocations=5 (full 1):
 PSYoungGen      total 37888K, used 20088K [0x00000000d6380000, 0x00000000d9d00000, 0x0000000100000000)
  eden space 32768K, 49% used [0x00000000d6380000,0x00000000d7374e58,0x00000000d8380000)
  from space 5120K, 73% used [0x00000000d8380000,0x00000000d8729548,0x00000000d8880000)
  to   space 5120K, 0% used [0x00000000d9800000,0x00000000d9800000,0x00000000d9d00000)
 ParOldGen       total 52736K, used 3971K [0x0000000082a00000, 0x0000000085d80000, 0x00000000d6380000)
  object space 52736K, 7% used [0x0000000082a00000,0x0000000082de0c80,0x0000000085d80000)
 Metaspace       used 17107K, capacity 17916K, committed 18048K, reserved 1069056K
  class space    used 2132K, capacity 2320K, committed 2432K, reserved 1048576K
Event: 3.258 GC heap after
Heap after GC invocations=5 (full 1):
 PSYoungGen      total 37888K, used 3564K [0x00000000d6380000, 0x00000000d9d00000, 0x0000000100000000)
  eden space 32768K, 0% used [0x00000000d6380000,0x00000000d6380000,0x00000000d8380000)
  from space 5120K, 69% used [0x00000000d9800000,0x00000000d9b7b240,0x00000000d9d00000)
  to   space 5120K, 0% used [0x00000000d8380000,0x00000000d8380000,0x00000000d8880000)
 ParOldGen       total 52736K, used 3979K [0x0000000082a00000, 0x0000000085d80000, 0x00000000d6380000)
  object space 52736K, 7% used [0x0000000082a00000,0x0000000082de2c80,0x0000000085d80000)
 Metaspace       used 17107K, capacity 17916K, committed 18048K, reserved 1069056K
  class space    used 2132K, capacity 2320K, committed 2432K, reserved 1048576K
}
Event: 3.258 GC heap before
{Heap before GC invocations=6 (full 2):
 PSYoungGen      total 37888K, used 3564K [0x00000000d6380000, 0x00000000d9d00000, 0x0000000100000000)
  eden space 32768K, 0% used [0x00000000d6380000,0x00000000d6380000,0x00000000d8380000)
  from space 5120K, 69% used [0x00000000d9800000,0x00000000d9b7b240,0x00000000d9d00000)
  to   space 5120K, 0% used [0x00000000d8380000,0x00000000d8380000,0x00000000d8880000)
 ParOldGen       total 52736K, used 3979K [0x0000000082a00000, 0x0000000085d80000, 0x00000000d6380000)
  object space 52736K, 7% used [0x0000000082a00000,0x0000000082de2c80,0x0000000085d80000)
 Metaspace       used 17107K, capacity 17916K, committed 18048K, reserved 1069056K
  class space    used 2132K, capacity 2320K, committed 2432K, reserved 1048576K
Event: 3.314 GC heap after
Heap after GC invocations=6 (full 2):
 PSYoungGen      total 37888K, used 0K [0x00000000d6380000, 0x00000000d9d00000, 0x0000000100000000)
  eden space 32768K, 0% used [0x00000000d6380000,0x00000000d6380000,0x00000000d8380000)
  from space 5120K, 0% used [0x00000000d9800000,0x00000000d9800000,0x00000000d9d00000)
  to   space 5120K, 0% used [0x00000000d8380000,0x00000000d8380000,0x00000000d8880000)
 ParOldGen       total 52736K, used 6129K [0x0000000082a00000, 0x0000000085d80000, 0x00000000d6380000)
  object space 52736K, 11% used [0x0000000082a00000,0x0000000082ffc498,0x0000000085d80000)
 Metaspace       used 17107K, capacity 17916K, committed 18048K, reserved 1067008K
  class space    used 2132K, capacity 2320K, committed 2432K, reserved 1048576K
}

Deoptimization events (10 events):
Event: 1.211 Thread 0x00000292c6625000 Uncommon trap: reason=class_check action=maybe_recompile pc=0x00000292c83085d4 method=java.lang.String.equals(Ljava/lang/Object;)Z @ 8
Event: 1.211 Thread 0x00000292c6625000 Uncommon trap: reason=class_check action=maybe_recompile pc=0x00000292c83085d4 method=java.lang.String.equals(Ljava/lang/Object;)Z @ 8
Event: 1.481 Thread 0x00000292c6625000 Uncommon trap: reason=unstable_if action=reinterpret pc=0x00000292c8383504 method=java.io.WinNTFileSystem.normalize(Ljava/lang/String;)Ljava/lang/String; @ 128
Event: 1.687 Thread 0x00000292c6625000 Uncommon trap: reason=unstable_if action=reinterpret pc=0x00000292c8409d30 method=sun.reflect.generics.parser.SignatureParser.current()C @ 39
Event: 2.131 Thread 0x00000292c6625000 Uncommon trap: reason=unstable_if action=reinterpret pc=0x00000292c8487c08 method=java.util.HashMap.putVal(ILjava/lang/Object;Ljava/lang/Object;ZZ)Ljava/lang/Object; @ 236
Event: 2.143 Thread 0x00000292c6625000 Uncommon trap: reason=unstable_if action=reinterpret pc=0x00000292c846b8cc method=java.lang.String.indexOf([CII[CIII)I @ 3
Event: 2.387 Thread 0x00000292c6625000 Uncommon trap: reason=unstable_if action=reinterpret pc=0x00000292c852e7f4 method=org.springframework.boot.context.properties.source.ConfigurationPropertyName$ElementsParser.updateType(Lorg/springframework/boot/context/properties/source/ConfigurationPrope
Event: 2.456 Thread 0x00000292c6625000 Uncommon trap: reason=unstable_if action=reinterpret pc=0x00000292c83009ec method=java.lang.String.indexOf([CII[CIII)I @ 3
Event: 2.802 Thread 0x00000292c6625000 Uncommon trap: reason=unstable_if action=reinterpret pc=0x00000292c8540d10 method=java.net.URL.<init>(Ljava/net/URL;Ljava/lang/String;Ljava/net/URLStreamHandler;)V @ 347
Event: 3.052 Thread 0x00000292c6625000 Uncommon trap: reason=unstable_if action=reinterpret pc=0x00000292c837f020 method=java.util.HashMap.hash(Ljava/lang/Object;)I @ 1

Classes redefined (0 events):
No events

Internal exceptions (10 events):
Event: 2.169 Thread 0x00000292c6625000 Exception <a 'java/io/FileNotFoundException'> (0x00000000d7573e30) thrown at [C:\jenkins\workspace\8-2-build-windows-amd64-cygwin\jdk8u333\2551\hotspot\src\share\vm\prims\jni.cpp, line 710]
Event: 2.186 Thread 0x00000292c6625000 Exception <a 'java/lang/IncompatibleClassChangeError': Found class java.lang.Object, but interface was expected> (0x00000000d75f1ce0) thrown at [C:\jenkins\workspace\8-2-build-windows-amd64-cygwin\jdk8u333\2551\hotspot\src\share\vm\interpreter\linkResolve
Event: 2.244 Thread 0x00000292c6625000 Exception <a 'java/lang/NoSuchMethodError': java.lang.Object.lambda$or$2(Ljava/util/function/BiPredicate;Ljava/lang/Object;Ljava/lang/Object;)Z> (0x00000000d772ab98) thrown at [C:\jenkins\workspace\8-2-build-windows-amd64-cygwin\jdk8u333\2551\hotspot\src\
Event: 2.248 Thread 0x00000292c6625000 Exception <a 'java/lang/NoSuchMethodError': java.lang.Object.lambda$chars$0()Ljava/util/Spliterator$OfInt;> (0x00000000d773cb68) thrown at [C:\jenkins\workspace\8-2-build-windows-amd64-cygwin\jdk8u333\2551\hotspot\src\share\vm\interpreter\linkResolver.cpp
Event: 2.436 Thread 0x00000292c6625000 Exception <a 'java/lang/NoSuchMethodError': java.lang.Object.lambda$from$1(Ljava/util/function/Supplier;Lorg/springframework/boot/BootstrapContext;)Ljava/lang/Object;> (0x00000000d7afb170) thrown at [C:\jenkins\workspace\8-2-build-windows-amd64-cygwin\jdk
Event: 2.542 Thread 0x00000292c6625000 Exception <a 'java/lang/NoSuchMethodError': java.lang.Object.lambda$and$0(Ljava/util/function/Predicate;Ljava/lang/Object;)Z> (0x00000000d7d50580) thrown at [C:\jenkins\workspace\8-2-build-windows-amd64-cygwin\jdk8u333\2551\hotspot\src\share\vm\interprete
Event: 2.818 Thread 0x00000292e0b30800 Exception <a 'java/lang/NoClassDefFoundError': javax/validation/Validation> (0x00000000d64396b8) thrown at [C:\jenkins\workspace\8-2-build-windows-amd64-cygwin\jdk8u333\2551\hotspot\src\share\vm\classfile\systemDictionary.cpp, line 201]
Event: 3.052 Thread 0x00000292c6625000 Implicit null exception at 0x00000292c837ee15 to 0x00000292c837f011
Event: 3.381 Thread 0x00000292c6625000 Exception <a 'java/lang/NoSuchMethodError': java.lang.Object.lambda$getAnnotationTypes$0(Lorg/springframework/core/annotation/MergedAnnotation;)Ljava/lang/String;> (0x00000000d66636a0) thrown at [C:\jenkins\workspace\8-2-build-windows-amd64-cygwin\jdk8u33
Event: 3.386 Thread 0x00000292c6625000 Exception <a 'java/lang/NoSuchMethodError': java.lang.Object.lambda$getMetaAnnotationTypes$1(Lorg/springframework/core/annotation/MergedAnnotation;)Ljava/lang/String;> (0x00000000d6687878) thrown at [C:\jenkins\workspace\8-2-build-windows-amd64-cygwin\jdk

Events (10 events):
Event: 3.459 loading class org/springframework/expression/spel/support/StandardTypeComparator
Event: 3.459 loading class org/springframework/expression/spel/support/StandardTypeComparator done
Event: 3.460 loading class com/fasterxml/jackson/annotation/JsonFormat$Value
Event: 3.460 loading class com/fasterxml/jackson/annotation/JsonFormat$Value done
Event: 3.460 loading class org/springframework/expression/spel/SpelEvaluationException
Event: 3.460 loading class org/springframework/expression/spel/SpelEvaluationException done
Event: 3.460 loading class org/springframework/expression/spel/support/StandardOperatorOverloader
Event: 3.460 loading class org/springframework/expression/spel/support/StandardOperatorOverloader done
Event: 3.461 loading class org/springframework/expression/TypedValue
Event: 3.461 loading class org/springframework/expression/TypedValue done


Dynamic libraries:
0x00007ff7936e0000 - 0x00007ff793727000 	D:\java\jdk-8u333\bin\java.exe
0x00007ffe473c0000 - 0x00007ffe475b0000 	C:\WINDOWS\SYSTEM32\ntdll.dll
0x00007ffe45a60000 - 0x00007ffe45b12000 	C:\WINDOWS\System32\KERNEL32.DLL
0x00007ffe44990000 - 0x00007ffe44c35000 	C:\WINDOWS\System32\KERNELBASE.dll
0x00007ffe45880000 - 0x00007ffe45923000 	C:\WINDOWS\System32\ADVAPI32.dll
0x00007ffe45ce0000 - 0x00007ffe45d7e000 	C:\WINDOWS\System32\msvcrt.dll
0x00007ffe47060000 - 0x00007ffe470f7000 	C:\WINDOWS\System32\sechost.dll
0x00007ffe45bb0000 - 0x00007ffe45ccf000 	C:\WINDOWS\System32\RPCRT4.dll
0x00007ffe46dc0000 - 0x00007ffe46f54000 	C:\WINDOWS\System32\USER32.dll
0x00007ffe448b0000 - 0x00007ffe448d1000 	C:\WINDOWS\System32\win32u.dll
0x00007ffe47160000 - 0x00007ffe47186000 	C:\WINDOWS\System32\GDI32.dll
0x00007ffe44540000 - 0x00007ffe446d8000 	C:\WINDOWS\System32\gdi32full.dll
0x00007ffe447e0000 - 0x00007ffe4487e000 	C:\WINDOWS\System32\msvcp_win.dll
0x00007ffe446e0000 - 0x00007ffe447da000 	C:\WINDOWS\System32\ucrtbase.dll
0x00007ffe2b2a0000 - 0x00007ffe2b524000 	C:\WINDOWS\WinSxS\amd64_microsoft.windows.common-controls_6595b64144ccf1df_6.0.18362.1556_none_9e7e372fe45e41d5\COMCTL32.dll
0x00007ffe45470000 - 0x00007ffe457a6000 	C:\WINDOWS\System32\combase.dll
0x00007ffe44c40000 - 0x00007ffe44cc1000 	C:\WINDOWS\System32\bcryptPrimitives.dll
0x00007ffe45d80000 - 0x00007ffe45dae000 	C:\WINDOWS\System32\IMM32.DLL
0x00007ffe3c690000 - 0x00007ffe3c6a5000 	D:\java\jdk-8u333\jre\bin\vcruntime140.dll
0x00007ffe2a0c0000 - 0x00007ffe2a15b000 	D:\java\jdk-8u333\jre\bin\msvcp140.dll
0x0000000051ad0000 - 0x0000000052331000 	D:\java\jdk-8u333\jre\bin\server\jvm.dll
0x00007ffe45cd0000 - 0x00007ffe45cd8000 	C:\WINDOWS\System32\PSAPI.DLL
0x00007ffe422f0000 - 0x00007ffe42314000 	C:\WINDOWS\SYSTEM32\WINMM.dll
0x00007ffe3c5b0000 - 0x00007ffe3c5b9000 	C:\WINDOWS\SYSTEM32\WSOCK32.dll
0x00007ffe43e50000 - 0x00007ffe43e5a000 	C:\WINDOWS\SYSTEM32\VERSION.dll
0x00007ffe46ff0000 - 0x00007ffe4705f000 	C:\WINDOWS\System32\WS2_32.dll
0x00007ffe421c0000 - 0x00007ffe421ed000 	C:\WINDOWS\SYSTEM32\winmmbase.dll
0x00007ffe448e0000 - 0x00007ffe4492a000 	C:\WINDOWS\System32\cfgmgr32.dll
0x00007ffe442a0000 - 0x00007ffe442b1000 	C:\WINDOWS\System32\kernel.appcore.dll
0x00007ffe3c5a0000 - 0x00007ffe3c5b0000 	D:\java\jdk-8u333\jre\bin\verify.dll
0x00007ffe313e0000 - 0x00007ffe3140b000 	D:\java\jdk-8u333\jre\bin\java.dll
0x00007ffe23aa0000 - 0x00007ffe23ad0000 	D:\java\jdk-8u333\jre\bin\instrument.dll
0x00007ffe3c580000 - 0x00007ffe3c598000 	D:\java\jdk-8u333\jre\bin\zip.dll
0x00007ffe45db0000 - 0x00007ffe46497000 	C:\WINDOWS\System32\SHELL32.dll
0x00007ffe46cb0000 - 0x00007ffe46d58000 	C:\WINDOWS\System32\shcore.dll
0x00007ffe44cf0000 - 0x00007ffe4546b000 	C:\WINDOWS\System32\windows.storage.dll
0x00007ffe442c0000 - 0x00007ffe442de000 	C:\WINDOWS\System32\profapi.dll
0x00007ffe442e0000 - 0x00007ffe4432a000 	C:\WINDOWS\System32\powrprof.dll
0x00007ffe44270000 - 0x00007ffe44280000 	C:\WINDOWS\System32\UMPDC.dll
0x00007ffe45930000 - 0x00007ffe45982000 	C:\WINDOWS\System32\shlwapi.dll
0x00007ffe44cd0000 - 0x00007ffe44ce7000 	C:\WINDOWS\System32\cryptsp.dll
0x00007ffe2a030000 - 0x00007ffe2a04a000 	E:\IntelliJ IDEA\IntelliJ IDEA 2021.3.3\bin\breakgen64.dll
0x00007ffe2a0a0000 - 0x00007ffe2a0bc000 	D:\java\jdk-8u333\jre\bin\net.dll
0x00007ffe439e0000 - 0x00007ffe43a47000 	C:\WINDOWS\system32\mswsock.dll
0x00007ffe2a080000 - 0x00007ffe2a093000 	D:\java\jdk-8u333\jre\bin\nio.dll
0x00007ffe33660000 - 0x00007ffe3366d000 	D:\java\jdk-8u333\jre\bin\management.dll
0x00007ffe27950000 - 0x00007ffe27966000 	C:\WINDOWS\system32\napinsp.dll
0x00007ffe27930000 - 0x00007ffe2794a000 	C:\WINDOWS\system32\pnrpnsp.dll
0x00007ffe407f0000 - 0x00007ffe4080c000 	C:\WINDOWS\system32\NLAapi.dll
0x00007ffe436f0000 - 0x00007ffe4372a000 	C:\WINDOWS\SYSTEM32\IPHLPAPI.DLL
0x00007ffe27490000 - 0x00007ffe274a5000 	C:\WINDOWS\system32\wshbth.dll
0x00007ffe43730000 - 0x00007ffe437fb000 	C:\WINDOWS\SYSTEM32\DNSAPI.dll
0x00007ffe45b20000 - 0x00007ffe45b28000 	C:\WINDOWS\System32\NSI.dll
0x00007ffe29770000 - 0x00007ffe2977e000 	C:\WINDOWS\System32\winrnr.dll
0x00007ffe3a8e0000 - 0x00007ffe3a8ea000 	C:\Windows\System32\rasadhlp.dll
0x00007ffe3a8f0000 - 0x00007ffe3a967000 	C:\WINDOWS\System32\fwpuclnt.dll
0x00007ffe44880000 - 0x00007ffe448a6000 	C:\WINDOWS\System32\bcrypt.dll
0x00007ffe3c040000 - 0x00007ffe3c234000 	C:\WINDOWS\SYSTEM32\dbghelp.dll

VM Arguments:
jvm_args: -ea -Didea.test.cyclic.buffer.size=1048576 -javaagent:E:\IntelliJ IDEA\IntelliJ IDEA 2021.3.3\lib\idea_rt.jar=49311:E:\IntelliJ IDEA\IntelliJ IDEA 2021.3.3\bin -Dfile.encoding=UTF-8 
java_command: com.intellij.rt.junit.JUnitStarter -ideVersion5 -junit4 com.fly.store.service.DistrictServiceTest,queryByParent
java_class_path (initial): E:\IntelliJ IDEA\IntelliJ IDEA 2021.3.3\lib\idea_rt.jar;E:\IntelliJ IDEA\IntelliJ IDEA 2021.3.3\plugins\junit\lib\junit5-rt.jar;E:\IntelliJ IDEA\IntelliJ IDEA 2021.3.3\plugins\junit\lib\junit-rt.jar;D:\java\jdk-8u333\jre\lib\charsets.jar;D:\java\jdk-8u333\jre\lib\deploy.jar;D:\java\jdk-8u333\jre\lib\ext\access-bridge-64.jar;D:\java\jdk-8u333\jre\lib\ext\cldrdata.jar;D:\java\jdk-8u333\jre\lib\ext\dnsns.jar;D:\java\jdk-8u333\jre\lib\ext\jaccess.jar;D:\java\jdk-8u333\jre\lib\ext\jfxrt.jar;D:\java\jdk-8u333\jre\lib\ext\localedata.jar;D:\java\jdk-8u333\jre\lib\ext\nashorn.jar;D:\java\jdk-8u333\jre\lib\ext\sunec.jar;D:\java\jdk-8u333\jre\lib\ext\sunjce_provider.jar;D:\java\jdk-8u333\jre\lib\ext\sunmscapi.jar;D:\java\jdk-8u333\jre\lib\ext\sunpkcs11.jar;D:\java\jdk-8u333\jre\lib\ext\zipfs.jar;D:\java\jdk-8u333\jre\lib\javaws.jar;D:\java\jdk-8u333\jre\lib\jce.jar;D:\java\jdk-8u333\jre\lib\jfr.jar;D:\java\jdk-8u333\jre\lib\jfxswt.jar;D:\java\jdk-8u333\jre\lib\jsse.jar;D:\java\jdk-8u333\jre\lib\management-agent.jar;D:\java\jdk-8u333\jre\lib\plugin.jar;D:\java\jdk-8u333\jre\lib\resources.jar;D:\java\jdk-8u333\jre\lib\rt.jar;D:\java\projects\store\target\test-classes;D:\java\projects\store\target\classes;D:\java\NewMaven\maven_repository\org\springframework\boot\spring-boot-starter-web\2.7.2\spring-boot-starter-web-2.7.2.jar;D:\java\NewMaven\maven_repository\org\springframework\boot\spring-boot-starter\2.7.2\spring-boot-starter-2.7.2.jar;D:\java\NewMaven\maven_repository\org\springframework\boot\spring-boot\2.7.2\spring-boot-2.7.2.jar;D:\java\NewMaven\maven_repository\org\springframework\boot\spring-boot-autoconfigure\2.7.2\spring-boot-autoconfigure-2.7.2.jar;D:\java\NewMaven\maven_repository\org\springframework\boot\spring-boot-starter-logging\2.7.2\spring-boot-starter-logging-2.7.2.jar;D:\java\NewMaven\maven_repository\ch\qos\logback\logback-classic\1.2.11\logback-classic-1.2.11.jar;D:\java\NewMaven\maven_repository\ch\qos\logback\logback-core\1.2.
Launcher Type: SUN_STANDARD

Environment Variables:
JAVA_HOME=D:\java\jdk-11.0.15.1
CLASSPATH=.;D:\java\mysql-connector-java-8.0.17\mysql-connector-java-8.0.17.jar;
PATH=C:\Windows\system32;C:\Windows;C:\Windows\System32\Wbem;C:\Windows\System32\WindowsPowerShell\v1.0\;C:\Windows\System32\OpenSSH\;C:\Program Files (x86)\NVIDIA Corporation\PhysX\Common;C:\Program Files\NVIDIA Corporation\NVIDIA NvDLISR;C:\WINDOWS\system32;C:\WINDOWS;C:\WINDOWS\System32\Wbem;C:\WINDOWS\System32\WindowsPowerShell\v1.0\;C:\WINDOWS\System32\OpenSSH\;C:\Program Files\Google\Chrome\Application\CheomeDriver;D:\python\python3.6.0\;D:\python\python3.6.0\Scripts\;C:\Program Files\Common Files\Oracle\Java\javapath;D:\java\jdk-11.0.15.1\bin;D:\java\maven\apache-maven-3.3.3\bin;E:\Tomcat\apache-tomcat-10.0.22\bin;D:\SDK\scala-2.13.6\bin;C:\Program Files\nodejs\;E:\Anaconda;E:\Anaconda\Library\mingw-w64\bin;E:\Anaconda\Library\usr\bin;E:\Anaconda\Library\bin;E:\Anaconda\Scripts;C:\Users\86151\AppData\Local\Microsoft\WindowsApps;D:\Mysql\mysql\AppServ\Apache24\bin;D:\Mysql\mysql\AppServ\php7;D:\Mysql\mysql\AppServ\MySQL\bin;E:\IntelliJ IDEA\IntelliJ IDEA Community Edition 2021.1.2\bin;;E:\IntelliJ IDEA\IntelliJ IDEA 2022.1.3\bin;;C:\Users\86151\AppData\Roaming\npm
USERNAME=86151
OS=Windows_NT
PROCESSOR_IDENTIFIER=Intel64 Family 6 Model 142 Stepping 12, GenuineIntel



---------------  S Y S T E M  ---------------

OS: Windows 10 , 64 bit Build 18362 (10.0.18362.1500)

CPU:total 8 (initial active 8) (4 cores per cpu, 2 threads per core) family 6 model 142 stepping 12, cmov, cx8, fxsr, mmx, sse, sse2, sse3, ssse3, sse4.1, sse4.2, popcnt, avx, avx2, aes, clmul, erms, 3dnowpref, lzcnt, ht, tsc, tscinvbit, bmi1, bmi2, adx

Memory: 4k page, physical 8215268k(271460k free), swap 19195744k(992k free)

vm_info: Java HotSpot(TM) 64-Bit Server VM (25.333-b02) for windows-amd64 JRE (1.8.0_333-b02), built on Apr 25 2022 22:49:11 by "java_re" with MS VC++ 15.9 (VS2017)

time: Fri Aug  5 23:29:33 2022
timezone: ?D1¨²¡À¨º¡Á?¨º¡À??
elapsed time: 3.504063 seconds (0d 0h 0m 3s)

