#
# There is insufficient memory for the Java Runtime Environment to continue.
# Native memory allocation (malloc) failed to allocate 800736 bytes for Chunk::new
# Possible reasons:
#   The system is out of physical RAM or swap space
#   The process is running with CompressedOops enabled, and the Java Heap may be blocking the growth of the native heap
# Possible solutions:
#   Reduce memory load on the system
#   Increase physical memory or swap space
#   Check if swap backing store is full
#   Decrease Java heap size (-Xmx/-Xms)
#   Decrease number of Java threads
#   Decrease Java thread stack sizes (-Xss)
#   Set larger code cache with -XX:ReservedCodeCacheSize=
#   JVM is running with Unscaled Compressed Oops mode in which the Java heap is
#     placed in the first 4GB address space. The Java Heap base address is the
#     maximum limit for the native heap growth. Please use -XX:HeapBaseMinAddress
#     to set the Java Heap base and to place the Java Heap above 4GB virtual address.
# This output file may be truncated or incomplete.
#
#  Out of Memory Error (allocation.cpp:389), pid=15760, tid=0x000000000000341c
#
# JRE version: Java(TM) SE Runtime Environment (8.0_333-b02) (build 1.8.0_333-b02)
# Java VM: Java HotSpot(TM) 64-Bit Server VM (25.333-b02 mixed mode windows-amd64 compressed oops)
# Failed to write core dump. Minidumps are not enabled by default on client versions of Windows
#

---------------  T H R E A D  ---------------

Current thread (0x00000237483db000):  JavaThread "C2 CompilerThread1" daemon [_thread_in_native, id=13340, stack(0x0000009109d00000,0x0000009109e00000)]

Stack: [0x0000009109d00000,0x0000009109e00000]
Native frames: (J=compiled Java code, j=interpreted, Vv=VM code, C=native code)
V  [jvm.dll+0x32fc49]
V  [jvm.dll+0x2761a2]
V  [jvm.dll+0x276e4d]
V  [jvm.dll+0x26d7f5]
V  [jvm.dll+0xd5a0c]
V  [jvm.dll+0xd620c]
V  [jvm.dll+0x4541c2]
V  [jvm.dll+0x48f27d]
V  [jvm.dll+0x4433b0]
V  [jvm.dll+0x440ffb]
V  [jvm.dll+0x42becb]
V  [jvm.dll+0xac68b]
V  [jvm.dll+0xaaceb]
V  [jvm.dll+0x23e6f2]
V  [jvm.dll+0x292edc]
C  [ucrtbase.dll+0x210b2]
C  [KERNEL32.DLL+0x17c24]
C  [ntdll.dll+0x6d721]


Current CompileTask:
C2:   4726 2589   !   4       java.net.URLClassLoader$1::run (81 bytes)


---------------  P R O C E S S  ---------------

Java Threads: ( => current thread )
  0x000002374847f000 JavaThread "Service Thread" daemon [_thread_blocked, id=16252, stack(0x000000910a000000,0x000000910a100000)]
  0x00000237483e0000 JavaThread "C1 CompilerThread3" daemon [_thread_in_native, id=19404, stack(0x0000009109f00000,0x000000910a000000)]
  0x00000237483dc000 JavaThread "C2 CompilerThread2" daemon [_thread_in_native, id=15744, stack(0x0000009109e00000,0x0000009109f00000)]
=>0x00000237483db000 JavaThread "C2 CompilerThread1" daemon [_thread_in_native, id=13340, stack(0x0000009109d00000,0x0000009109e00000)]
  0x00000237483d8000 JavaThread "C2 CompilerThread0" daemon [_thread_in_native, id=11848, stack(0x0000009109c00000,0x0000009109d00000)]
  0x00000237483d3800 JavaThread "Monitor Ctrl-Break" daemon [_thread_in_native, id=15880, stack(0x0000009109b00000,0x0000009109c00000)]
  0x00000237467e7000 JavaThread "Attach Listener" daemon [_thread_blocked, id=7460, stack(0x0000009109a00000,0x0000009109b00000)]
  0x00000237467e6800 JavaThread "Signal Dispatcher" daemon [_thread_blocked, id=17136, stack(0x0000009109900000,0x0000009109a00000)]
  0x0000023746777000 JavaThread "Finalizer" daemon [_thread_blocked, id=15052, stack(0x0000009109800000,0x0000009109900000)]
  0x000002373051a800 JavaThread "Reference Handler" daemon [_thread_blocked, id=6364, stack(0x0000009109700000,0x0000009109800000)]
  0x0000023730482800 JavaThread "main" [_thread_in_vm, id=3888, stack(0x0000009108d00000,0x0000009108e00000)]

Other Threads:
  0x000002374674f800 VMThread [stack: 0x0000009109600000,0x0000009109700000] [id=984]
  0x00000237484e7000 WatcherThread [stack: 0x000000910a100000,0x000000910a200000] [id=2012]

VM state:not at safepoint (normal execution)

VM Mutex/Monitor currently owned by a thread: None

heap address: 0x0000000082a00000, size: 2006 MB, Compressed Oops mode: 32-bit
Narrow klass base: 0x0000000000000000, Narrow klass shift: 3
Compressed class space size: 1073741824 Address: 0x0000000100000000

Heap:
 PSYoungGen      total 57856K, used 34808K [0x00000000d6380000, 0x00000000da680000, 0x0000000100000000)
  eden space 50176K, 58% used [0x00000000d6380000,0x00000000d8051648,0x00000000d9480000)
  from space 7680K, 68% used [0x00000000d9f00000,0x00000000da42cc18,0x00000000da680000)
  to   space 9216K, 0% used [0x00000000d9480000,0x00000000d9480000,0x00000000d9d80000)
 ParOldGen       total 58880K, used 7698K [0x0000000082a00000, 0x0000000086380000, 0x00000000d6380000)
  object space 58880K, 13% used [0x0000000082a00000,0x0000000083184800,0x0000000086380000)
 Metaspace       used 25824K, capacity 27252K, committed 27520K, reserved 1073152K
  class space    used 3323K, capacity 3603K, committed 3712K, reserved 1048576K

Card table byte_map: [0x00000237411f0000,0x00000237415e0000] byte_map_base: 0x0000023740ddb000

Marking Bits: (ParMarkBitMap*) 0x00000000522b9030
 Begin Bits: [0x0000023741880000, 0x00000237437d8000)
 End Bits:   [0x00000237437d8000, 0x0000023745730000)

Polling page: 0x0000023730550000

CodeCache: size=245760Kb used=9061Kb max_used=9061Kb free=236698Kb
 bounds [0x0000023731e30000, 0x0000023732710000, 0x0000023740e30000]
 total_blobs=3066 nmethods=2683 adapters=295
 compilation: enabled

Compilation events (10 events):
Event: 4.664 Thread 0x00000237483e0000 2632       1       org.springframework.beans.GenericTypeAwarePropertyDescriptor::getWriteMethod (5 bytes)
Event: 4.664 Thread 0x00000237483e0000 nmethod 2632 0x00000237326e5e50 code [0x00000237326e5fa0, 0x00000237326e60b8]
Event: 4.667 Thread 0x00000237483e0000 2633       3       org.springframework.core.annotation.MergedAnnotationSelectors::firstDirectlyDeclared (4 bytes)
Event: 4.667 Thread 0x00000237483e0000 nmethod 2633 0x00000237326e5b50 code [0x00000237326e5ca0, 0x00000237326e5dd8]
Event: 4.668 Thread 0x00000237483e0000 2634       3       java.util.HashMap::putAll (7 bytes)
Event: 4.668 Thread 0x00000237483e0000 nmethod 2634 0x00000237326e5750 code [0x00000237326e58c0, 0x00000237326e5ad0]
Event: 4.668 Thread 0x00000237483e0000 2635       3       java.lang.Class$MethodArray::getFirst (36 bytes)
Event: 4.668 Thread 0x00000237483e0000 nmethod 2635 0x00000237326e5250 code [0x00000237326e53c0, 0x00000237326e5638]
Event: 4.671 Thread 0x00000237483d8000 2636       4       java.util.AbstractCollection::<init> (5 bytes)
Event: 4.671 Thread 0x00000237483d8000 nmethod 2636 0x000002373269af10 code [0x000002373269b040, 0x000002373269b098]

GC Heap History (10 events):
Event: 2.915 GC heap before
{Heap before GC invocations=3 (full 0):
 PSYoungGen      total 37888K, used 37872K [0x00000000d6380000, 0x00000000d8d80000, 0x0000000100000000)
  eden space 32768K, 100% used [0x00000000d6380000,0x00000000d8380000,0x00000000d8380000)
  from space 5120K, 99% used [0x00000000d8880000,0x00000000d8d7c018,0x00000000d8d80000)
  to   space 5120K, 0% used [0x00000000d8380000,0x00000000d8380000,0x00000000d8880000)
 ParOldGen       total 86016K, used 605K [0x0000000082a00000, 0x0000000087e00000, 0x00000000d6380000)
  object space 86016K, 0% used [0x0000000082a00000,0x0000000082a97668,0x0000000087e00000)
 Metaspace       used 17101K, capacity 17948K, committed 18176K, reserved 1064960K
  class space    used 2123K, capacity 2288K, committed 2304K, reserved 1048576K
Event: 2.923 GC heap after
Heap after GC invocations=3 (full 0):
 PSYoungGen      total 37888K, used 5093K [0x00000000d6380000, 0x00000000d8d80000, 0x0000000100000000)
  eden space 32768K, 0% used [0x00000000d6380000,0x00000000d6380000,0x00000000d8380000)
  from space 5120K, 99% used [0x00000000d8380000,0x00000000d88796b8,0x00000000d8880000)
  to   space 5120K, 0% used [0x00000000d8880000,0x00000000d8880000,0x00000000d8d80000)
 ParOldGen       total 86016K, used 3002K [0x0000000082a00000, 0x0000000087e00000, 0x00000000d6380000)
  object space 86016K, 3% used [0x0000000082a00000,0x0000000082ceea08,0x0000000087e00000)
 Metaspace       used 17101K, capacity 17948K, committed 18176K, reserved 1064960K
  class space    used 2123K, capacity 2288K, committed 2304K, reserved 1048576K
}
Event: 3.179 GC heap before
{Heap before GC invocations=4 (full 0):
 PSYoungGen      total 37888K, used 32413K [0x00000000d6380000, 0x00000000d8d80000, 0x0000000100000000)
  eden space 32768K, 83% used [0x00000000d6380000,0x00000000d7e2e138,0x00000000d8380000)
  from space 5120K, 99% used [0x00000000d8380000,0x00000000d88796b8,0x00000000d8880000)
  to   space 5120K, 0% used [0x00000000d8880000,0x00000000d8880000,0x00000000d8d80000)
 ParOldGen       total 86016K, used 3002K [0x0000000082a00000, 0x0000000087e00000, 0x00000000d6380000)
  object space 86016K, 3% used [0x0000000082a00000,0x0000000082ceea08,0x0000000087e00000)
 Metaspace       used 20228K, capacity 21156K, committed 21248K, reserved 1067008K
  class space    used 2520K, capacity 2732K, committed 2816K, reserved 1048576K
Event: 3.187 GC heap after
Heap after GC invocations=4 (full 0):
 PSYoungGen      total 37888K, used 5105K [0x00000000d6380000, 0x00000000dad80000, 0x0000000100000000)
  eden space 32768K, 0% used [0x00000000d6380000,0x00000000d6380000,0x00000000d8380000)
  from space 5120K, 99% used [0x00000000d8880000,0x00000000d8d7c418,0x00000000d8d80000)
  to   space 5120K, 0% used [0x00000000d8380000,0x00000000d8380000,0x00000000d8880000)
 ParOldGen       total 86016K, used 5836K [0x0000000082a00000, 0x0000000087e00000, 0x00000000d6380000)
  object space 86016K, 6% used [0x0000000082a00000,0x0000000082fb31d0,0x0000000087e00000)
 Metaspace       used 20228K, capacity 21156K, committed 21248K, reserved 1067008K
  class space    used 2520K, capacity 2732K, committed 2816K, reserved 1048576K
}
Event: 3.187 GC heap before
{Heap before GC invocations=5 (full 1):
 PSYoungGen      total 37888K, used 5105K [0x00000000d6380000, 0x00000000dad80000, 0x0000000100000000)
  eden space 32768K, 0% used [0x00000000d6380000,0x00000000d6380000,0x00000000d8380000)
  from space 5120K, 99% used [0x00000000d8880000,0x00000000d8d7c418,0x00000000d8d80000)
  to   space 5120K, 0% used [0x00000000d8380000,0x00000000d8380000,0x00000000d8880000)
 ParOldGen       total 86016K, used 5836K [0x0000000082a00000, 0x0000000087e00000, 0x00000000d6380000)
  object space 86016K, 6% used [0x0000000082a00000,0x0000000082fb31d0,0x0000000087e00000)
 Metaspace       used 20228K, capacity 21156K, committed 21248K, reserved 1067008K
  class space    used 2520K, capacity 2732K, committed 2816K, reserved 1048576K
Event: 3.219 GC heap after
Heap after GC invocations=5 (full 1):
 PSYoungGen      total 37888K, used 0K [0x00000000d6380000, 0x00000000dad80000, 0x0000000100000000)
  eden space 32768K, 0% used [0x00000000d6380000,0x00000000d6380000,0x00000000d8380000)
  from space 5120K, 0% used [0x00000000d8880000,0x00000000d8880000,0x00000000d8d80000)
  to   space 5120K, 0% used [0x00000000d8380000,0x00000000d8380000,0x00000000d8880000)
 ParOldGen       total 58880K, used 7682K [0x0000000082a00000, 0x0000000086380000, 0x00000000d6380000)
  object space 58880K, 13% used [0x0000000082a00000,0x0000000083180800,0x0000000086380000)
 Metaspace       used 20228K, capacity 21156K, committed 21248K, reserved 1067008K
  class space    used 2520K, capacity 2732K, committed 2816K, reserved 1048576K
}
Event: 3.622 GC heap before
{Heap before GC invocations=6 (full 1):
 PSYoungGen      total 37888K, used 32768K [0x00000000d6380000, 0x00000000dad80000, 0x0000000100000000)
  eden space 32768K, 100% used [0x00000000d6380000,0x00000000d8380000,0x00000000d8380000)
  from space 5120K, 0% used [0x00000000d8880000,0x00000000d8880000,0x00000000d8d80000)
  to   space 5120K, 0% used [0x00000000d8380000,0x00000000d8380000,0x00000000d8880000)
 ParOldGen       total 58880K, used 7682K [0x0000000082a00000, 0x0000000086380000, 0x00000000d6380000)
  object space 58880K, 13% used [0x0000000082a00000,0x0000000083180800,0x0000000086380000)
 Metaspace       used 22091K, capacity 23186K, committed 23296K, reserved 1069056K
  class space    used 2799K, capacity 3045K, committed 3072K, reserved 1048576K
Event: 3.626 GC heap after
Heap after GC invocations=6 (full 1):
 PSYoungGen      total 37888K, used 4045K [0x00000000d6380000, 0x00000000da880000, 0x0000000100000000)
  eden space 32768K, 0% used [0x00000000d6380000,0x00000000d6380000,0x00000000d8380000)
  from space 5120K, 79% used [0x00000000d8380000,0x00000000d8773630,0x00000000d8880000)
  to   space 9728K, 0% used [0x00000000d9f00000,0x00000000d9f00000,0x00000000da880000)
 ParOldGen       total 58880K, used 7690K [0x0000000082a00000, 0x0000000086380000, 0x00000000d6380000)
  object space 58880K, 13% used [0x0000000082a00000,0x0000000083182800,0x0000000086380000)
 Metaspace       used 22091K, capacity 23186K, committed 23296K, reserved 1069056K
  class space    used 2799K, capacity 3045K, committed 3072K, reserved 1048576K
}
Event: 4.395 GC heap before
{Heap before GC invocations=7 (full 1):
 PSYoungGen      total 37888K, used 36813K [0x00000000d6380000, 0x00000000da880000, 0x0000000100000000)
  eden space 32768K, 100% used [0x00000000d6380000,0x00000000d8380000,0x00000000d8380000)
  from space 5120K, 79% used [0x00000000d8380000,0x00000000d8773630,0x00000000d8880000)
  to   space 9728K, 0% used [0x00000000d9f00000,0x00000000d9f00000,0x00000000da880000)
 ParOldGen       total 58880K, used 7690K [0x0000000082a00000, 0x0000000086380000, 0x00000000d6380000)
  object space 58880K, 13% used [0x0000000082a00000,0x0000000083182800,0x0000000086380000)
 Metaspace       used 24301K, capacity 25612K, committed 25728K, reserved 1071104K
  class space    used 3105K, capacity 3362K, committed 3456K, reserved 1048576K
Event: 4.400 GC heap after
Heap after GC invocations=7 (full 1):
 PSYoungGen      total 57856K, used 5299K [0x00000000d6380000, 0x00000000da680000, 0x0000000100000000)
  eden space 50176K, 0% used [0x00000000d6380000,0x00000000d6380000,0x00000000d9480000)
  from space 7680K, 68% used [0x00000000d9f00000,0x00000000da42cc18,0x00000000da680000)
  to   space 9216K, 0% used [0x00000000d9480000,0x00000000d9480000,0x00000000d9d80000)
 ParOldGen       total 58880K, used 7698K [0x0000000082a00000, 0x0000000086380000, 0x00000000d6380000)
  object space 58880K, 13% used [0x0000000082a00000,0x0000000083184800,0x0000000086380000)
 Metaspace       used 24301K, capacity 25612K, committed 25728K, reserved 1071104K
  class space    used 3105K, capacity 3362K, committed 3456K, reserved 1048576K
}

Deoptimization events (10 events):
Event: 4.485 Thread 0x0000023730482800 Uncommon trap: reason=unstable_if action=reinterpret pc=0x000002373259e160 method=org.springframework.beans.factory.support.AbstractBeanFactory.getBeanPostProcessorCache()Lorg/springframework/beans/factory/support/AbstractBeanFactory$BeanPostProcessorCach
Event: 4.530 Thread 0x0000023730482800 Uncommon trap: reason=unstable_if action=reinterpret pc=0x00000237324b0708 method=org.springframework.util.ConcurrentReferenceHashMap$Segment.findInChain(Lorg/springframework/util/ConcurrentReferenceHashMap$Reference;Ljava/lang/Object;I)Lorg/springframewo
Event: 4.541 Thread 0x0000023730482800 Uncommon trap: reason=unstable_if action=reinterpret pc=0x0000023732455558 method=org.springframework.beans.factory.support.AbstractBeanFactory.getBeanPostProcessorCache()Lorg/springframework/beans/factory/support/AbstractBeanFactory$BeanPostProcessorCach
Event: 4.549 Thread 0x0000023730482800 Uncommon trap: reason=unstable_if action=reinterpret pc=0x0000023732586b58 method=org.springframework.beans.factory.support.DefaultSingletonBeanRegistry.getSingleton(Ljava/lang/String;Z)Ljava/lang/Object; @ 20
Event: 4.557 Thread 0x0000023730482800 Uncommon trap: reason=class_check action=maybe_recompile pc=0x000002373234b168 method=java.util.concurrent.ConcurrentHashMap.putVal(Ljava/lang/Object;Ljava/lang/Object;Z)Ljava/lang/Object; @ 192
Event: 4.558 Thread 0x0000023730482800 Uncommon trap: reason=unstable_if action=reinterpret pc=0x0000023732384544 method=java.util.concurrent.ConcurrentHashMap.get(Ljava/lang/Object;)Ljava/lang/Object; @ 76
Event: 4.560 Thread 0x0000023730482800 Uncommon trap: reason=unstable_if action=reinterpret pc=0x00000237323ac864 method=jdk.internal.org.objectweb.asm.Item.isEqualTo(Ljdk/internal/org/objectweb/asm/Item;)Z @ 331
Event: 4.622 Thread 0x0000023730482800 Uncommon trap: reason=unstable_if action=reinterpret pc=0x00000237326a1c70 method=java.lang.reflect.Method.equals(Ljava/lang/Object;)Z @ 1
Event: 4.631 Thread 0x0000023730482800 Uncommon trap: reason=unstable_if action=reinterpret pc=0x00000237324a98a4 method=org.springframework.util.ConcurrentReferenceHashMap$Segment.findInChain(Lorg/springframework/util/ConcurrentReferenceHashMap$Reference;Ljava/lang/Object;I)Lorg/springframewo
Event: 4.631 Thread 0x0000023730482800 Uncommon trap: reason=unstable_if action=reinterpret pc=0x000002373248f17c method=org.springframework.util.ConcurrentReferenceHashMap$Segment.findInChain(Lorg/springframework/util/ConcurrentReferenceHashMap$Reference;Ljava/lang/Object;I)Lorg/springframewo

Classes redefined (0 events):
No events

Internal exceptions (10 events):
Event: 4.663 Thread 0x0000023730482800 Exception <a 'java/lang/ClassNotFoundException': org/springframework/aop/PointcutAdvisorCustomizer> (0x00000000d7b042d8) thrown at [C:\jenkins\workspace\8-2-build-windows-amd64-cygwin\jdk8u333\2551\hotspot\src\share\vm\classfile\systemDictionary.cpp, line
Event: 4.664 Thread 0x0000023730482800 Exception <a 'java/lang/ClassNotFoundException': org/springframework/aop/AdvisorCustomizer> (0x00000000d7b18b80) thrown at [C:\jenkins\workspace\8-2-build-windows-amd64-cygwin\jdk8u333\2551\hotspot\src\share\vm\classfile\systemDictionary.cpp, line 212]
Event: 4.664 Thread 0x0000023730482800 Exception <a 'java/lang/ClassNotFoundException': org/springframework/core/OrderedCustomizer> (0x00000000d7b2dc90) thrown at [C:\jenkins\workspace\8-2-build-windows-amd64-cygwin\jdk8u333\2551\hotspot\src\share\vm\classfile\systemDictionary.cpp, line 212]
Event: 4.669 Thread 0x0000023730482800 Exception <a 'java/lang/ClassNotFoundException': java/lang/ObjectCustomizer> (0x00000000d7b75008) thrown at [C:\jenkins\workspace\8-2-build-windows-amd64-cygwin\jdk8u333\2551\hotspot\src\share\vm\classfile\systemDictionary.cpp, line 212]
Event: 4.669 Thread 0x0000023730482800 Exception <a 'java/lang/ClassNotFoundException': com/fly/store/config/LoginInterceptorConfigCustomizer> (0x00000000d7b8f128) thrown at [C:\jenkins\workspace\8-2-build-windows-amd64-cygwin\jdk8u333\2551\hotspot\src\share\vm\classfile\systemDictionary.cpp, 
Event: 4.670 Thread 0x0000023730482800 Exception <a 'java/lang/ClassNotFoundException': com/fly/store/config/LoginInterceptorConfig$$EnhancerBySpringCGLIB$$1d316c2aCustomizer> (0x00000000d7bb0cd8) thrown at [C:\jenkins\workspace\8-2-build-windows-amd64-cygwin\jdk8u333\2551\hotspot\src\share\vm
Event: 4.671 Thread 0x0000023730482800 Exception <a 'java/lang/ClassNotFoundException': org/springframework/context/annotation/ConfigurationClassEnhancer$EnhancedConfigurationCustomizer> (0x00000000d7bda220) thrown at [C:\jenkins\workspace\8-2-build-windows-amd64-cygwin\jdk8u333\2551\hotspot\s
Event: 4.671 Thread 0x0000023730482800 Exception <a 'java/lang/ClassNotFoundException': org/springframework/beans/factory/BeanFactoryAwareCustomizer> (0x00000000d7bf29b0) thrown at [C:\jenkins\workspace\8-2-build-windows-amd64-cygwin\jdk8u333\2551\hotspot\src\share\vm\classfile\systemDictionar
Event: 4.671 Thread 0x0000023730482800 Exception <a 'java/lang/ClassNotFoundException': org/springframework/beans/factory/AwareCustomizer> (0x00000000d7c09538) thrown at [C:\jenkins\workspace\8-2-build-windows-amd64-cygwin\jdk8u333\2551\hotspot\src\share\vm\classfile\systemDictionary.cpp, line
Event: 4.672 Thread 0x0000023730482800 Exception <a 'java/lang/ClassNotFoundException': org/springframework/web/servlet/config/annotation/WebMvcConfigurerCustomizer> (0x00000000d7c26768) thrown at [C:\jenkins\workspace\8-2-build-windows-amd64-cygwin\jdk8u333\2551\hotspot\src\share\vm\classfile

Events (10 events):
Event: 4.671 loading class org/springframework/web/servlet/config/annotation/WebMvcConfigurerCustomizer
Event: 4.671 loading class org/springframework/web/servlet/config/annotation/WebMvcConfigurerCustomizer done
Event: 4.672 loading class org/springframework/web/servlet/config/annotation/WebMvcConfigurerCustomizer
Event: 4.672 loading class org/springframework/web/servlet/config/annotation/WebMvcConfigurerCustomizer done
Event: 4.672 loading class org/springframework/web/servlet/config/annotation/WebMvcConfigurerCustomizer
Event: 4.672 loading class org/springframework/web/servlet/config/annotation/WebMvcConfigurerCustomizer done
Event: 4.672 loading class org/springframework/web/method/support/HandlerMethodArgumentResolver
Event: 4.672 loading class org/springframework/web/method/support/HandlerMethodArgumentResolver done
Event: 4.674 loading class org/springframework/web/method/support/HandlerMethodReturnValueHandler
Event: 4.674 loading class org/springframework/web/method/support/HandlerMethodReturnValueHandler done


Dynamic libraries:
0x00007ff7936e0000 - 0x00007ff793727000 	D:\java\jdk-8u333\bin\java.exe
0x00007ffe473c0000 - 0x00007ffe475b0000 	C:\WINDOWS\SYSTEM32\ntdll.dll
0x00007ffe45a60000 - 0x00007ffe45b12000 	C:\WINDOWS\System32\KERNEL32.DLL
0x00007ffe44990000 - 0x00007ffe44c35000 	C:\WINDOWS\System32\KERNELBASE.dll
0x00007ffe45880000 - 0x00007ffe45923000 	C:\WINDOWS\System32\ADVAPI32.dll
0x00007ffe45ce0000 - 0x00007ffe45d7e000 	C:\WINDOWS\System32\msvcrt.dll
0x00007ffe47060000 - 0x00007ffe470f7000 	C:\WINDOWS\System32\sechost.dll
0x00007ffe45bb0000 - 0x00007ffe45ccf000 	C:\WINDOWS\System32\RPCRT4.dll
0x00007ffe46dc0000 - 0x00007ffe46f54000 	C:\WINDOWS\System32\USER32.dll
0x00007ffe448b0000 - 0x00007ffe448d1000 	C:\WINDOWS\System32\win32u.dll
0x00007ffe47160000 - 0x00007ffe47186000 	C:\WINDOWS\System32\GDI32.dll
0x00007ffe44540000 - 0x00007ffe446d8000 	C:\WINDOWS\System32\gdi32full.dll
0x00007ffe447e0000 - 0x00007ffe4487e000 	C:\WINDOWS\System32\msvcp_win.dll
0x00007ffe446e0000 - 0x00007ffe447da000 	C:\WINDOWS\System32\ucrtbase.dll
0x00007ffe2b2a0000 - 0x00007ffe2b524000 	C:\WINDOWS\WinSxS\amd64_microsoft.windows.common-controls_6595b64144ccf1df_6.0.18362.1556_none_9e7e372fe45e41d5\COMCTL32.dll
0x00007ffe45470000 - 0x00007ffe457a6000 	C:\WINDOWS\System32\combase.dll
0x00007ffe44c40000 - 0x00007ffe44cc1000 	C:\WINDOWS\System32\bcryptPrimitives.dll
0x00007ffe45d80000 - 0x00007ffe45dae000 	C:\WINDOWS\System32\IMM32.DLL
0x00007ffe3c690000 - 0x00007ffe3c6a5000 	D:\java\jdk-8u333\jre\bin\vcruntime140.dll
0x00007ffe2ab90000 - 0x00007ffe2ac2b000 	D:\java\jdk-8u333\jre\bin\msvcp140.dll
0x0000000051ad0000 - 0x0000000052331000 	D:\java\jdk-8u333\jre\bin\server\jvm.dll
0x00007ffe45cd0000 - 0x00007ffe45cd8000 	C:\WINDOWS\System32\PSAPI.DLL
0x00007ffe422f0000 - 0x00007ffe42314000 	C:\WINDOWS\SYSTEM32\WINMM.dll
0x00007ffe3c5b0000 - 0x00007ffe3c5b9000 	C:\WINDOWS\SYSTEM32\WSOCK32.dll
0x00007ffe43e50000 - 0x00007ffe43e5a000 	C:\WINDOWS\SYSTEM32\VERSION.dll
0x00007ffe46ff0000 - 0x00007ffe4705f000 	C:\WINDOWS\System32\WS2_32.dll
0x00007ffe421c0000 - 0x00007ffe421ed000 	C:\WINDOWS\SYSTEM32\WINMMBASE.dll
0x00007ffe448e0000 - 0x00007ffe4492a000 	C:\WINDOWS\System32\cfgmgr32.dll
0x00007ffe442a0000 - 0x00007ffe442b1000 	C:\WINDOWS\System32\kernel.appcore.dll
0x00007ffe409b0000 - 0x00007ffe409c0000 	D:\java\jdk-8u333\jre\bin\verify.dll
0x00007ffe3c580000 - 0x00007ffe3c5ab000 	D:\java\jdk-8u333\jre\bin\java.dll
0x00007ffe2a130000 - 0x00007ffe2a160000 	D:\java\jdk-8u333\jre\bin\instrument.dll
0x00007ffe313f0000 - 0x00007ffe31408000 	D:\java\jdk-8u333\jre\bin\zip.dll
0x00007ffe45db0000 - 0x00007ffe46497000 	C:\WINDOWS\System32\SHELL32.dll
0x00007ffe46cb0000 - 0x00007ffe46d58000 	C:\WINDOWS\System32\shcore.dll
0x00007ffe44cf0000 - 0x00007ffe4546b000 	C:\WINDOWS\System32\windows.storage.dll
0x00007ffe442c0000 - 0x00007ffe442de000 	C:\WINDOWS\System32\profapi.dll
0x00007ffe442e0000 - 0x00007ffe4432a000 	C:\WINDOWS\System32\powrprof.dll
0x00007ffe44270000 - 0x00007ffe44280000 	C:\WINDOWS\System32\UMPDC.dll
0x00007ffe45930000 - 0x00007ffe45982000 	C:\WINDOWS\System32\shlwapi.dll
0x00007ffe44cd0000 - 0x00007ffe44ce7000 	C:\WINDOWS\System32\cryptsp.dll
0x00007ffe2a0d0000 - 0x00007ffe2a0ea000 	E:\IntelliJ IDEA\IntelliJ IDEA 2021.3.3\bin\breakgen64.dll
0x00007ffe2a110000 - 0x00007ffe2a12c000 	D:\java\jdk-8u333\jre\bin\net.dll
0x00007ffe439e0000 - 0x00007ffe43a47000 	C:\WINDOWS\system32\mswsock.dll
0x00007ffe2a0f0000 - 0x00007ffe2a103000 	D:\java\jdk-8u333\jre\bin\nio.dll
0x00007ffe32470000 - 0x00007ffe3247d000 	D:\java\jdk-8u333\jre\bin\management.dll
0x00007ffe27950000 - 0x00007ffe27966000 	C:\WINDOWS\system32\napinsp.dll
0x00007ffe27930000 - 0x00007ffe2794a000 	C:\WINDOWS\system32\pnrpnsp.dll
0x00007ffe407f0000 - 0x00007ffe4080c000 	C:\WINDOWS\system32\NLAapi.dll
0x00007ffe436f0000 - 0x00007ffe4372a000 	C:\WINDOWS\SYSTEM32\IPHLPAPI.DLL
0x00007ffe27490000 - 0x00007ffe274a5000 	C:\WINDOWS\system32\wshbth.dll
0x00007ffe43730000 - 0x00007ffe437fb000 	C:\WINDOWS\SYSTEM32\DNSAPI.dll
0x00007ffe45b20000 - 0x00007ffe45b28000 	C:\WINDOWS\System32\NSI.dll
0x00007ffe29770000 - 0x00007ffe2977e000 	C:\WINDOWS\System32\winrnr.dll
0x00007ffe3a8e0000 - 0x00007ffe3a8ea000 	C:\Windows\System32\rasadhlp.dll
0x00007ffe3a8f0000 - 0x00007ffe3a967000 	C:\WINDOWS\System32\fwpuclnt.dll
0x00007ffe44880000 - 0x00007ffe448a6000 	C:\WINDOWS\System32\bcrypt.dll
0x00007ffe3c040000 - 0x00007ffe3c234000 	C:\WINDOWS\SYSTEM32\dbghelp.dll

VM Arguments:
jvm_args: -ea -Didea.test.cyclic.buffer.size=1048576 -javaagent:E:\IntelliJ IDEA\IntelliJ IDEA 2021.3.3\lib\idea_rt.jar=49815:E:\IntelliJ IDEA\IntelliJ IDEA 2021.3.3\bin -Dfile.encoding=UTF-8 
java_command: com.intellij.rt.junit.JUnitStarter -ideVersion5 -junit4 com.fly.store.service.DistrictServiceTest,queryByParent
java_class_path (initial): E:\IntelliJ IDEA\IntelliJ IDEA 2021.3.3\lib\idea_rt.jar;E:\IntelliJ IDEA\IntelliJ IDEA 2021.3.3\plugins\junit\lib\junit5-rt.jar;E:\IntelliJ IDEA\IntelliJ IDEA 2021.3.3\plugins\junit\lib\junit-rt.jar;D:\java\jdk-8u333\jre\lib\charsets.jar;D:\java\jdk-8u333\jre\lib\deploy.jar;D:\java\jdk-8u333\jre\lib\ext\access-bridge-64.jar;D:\java\jdk-8u333\jre\lib\ext\cldrdata.jar;D:\java\jdk-8u333\jre\lib\ext\dnsns.jar;D:\java\jdk-8u333\jre\lib\ext\jaccess.jar;D:\java\jdk-8u333\jre\lib\ext\jfxrt.jar;D:\java\jdk-8u333\jre\lib\ext\localedata.jar;D:\java\jdk-8u333\jre\lib\ext\nashorn.jar;D:\java\jdk-8u333\jre\lib\ext\sunec.jar;D:\java\jdk-8u333\jre\lib\ext\sunjce_provider.jar;D:\java\jdk-8u333\jre\lib\ext\sunmscapi.jar;D:\java\jdk-8u333\jre\lib\ext\sunpkcs11.jar;D:\java\jdk-8u333\jre\lib\ext\zipfs.jar;D:\java\jdk-8u333\jre\lib\javaws.jar;D:\java\jdk-8u333\jre\lib\jce.jar;D:\java\jdk-8u333\jre\lib\jfr.jar;D:\java\jdk-8u333\jre\lib\jfxswt.jar;D:\java\jdk-8u333\jre\lib\jsse.jar;D:\java\jdk-8u333\jre\lib\management-agent.jar;D:\java\jdk-8u333\jre\lib\plugin.jar;D:\java\jdk-8u333\jre\lib\resources.jar;D:\java\jdk-8u333\jre\lib\rt.jar;D:\java\projects\store\target\test-classes;D:\java\projects\store\target\classes;D:\java\NewMaven\maven_repository\org\springframework\boot\spring-boot-starter-web\2.7.2\spring-boot-starter-web-2.7.2.jar;D:\java\NewMaven\maven_repository\org\springframework\boot\spring-boot-starter\2.7.2\spring-boot-starter-2.7.2.jar;D:\java\NewMaven\maven_repository\org\springframework\boot\spring-boot\2.7.2\spring-boot-2.7.2.jar;D:\java\NewMaven\maven_repository\org\springframework\boot\spring-boot-autoconfigure\2.7.2\spring-boot-autoconfigure-2.7.2.jar;D:\java\NewMaven\maven_repository\org\springframework\boot\spring-boot-starter-logging\2.7.2\spring-boot-starter-logging-2.7.2.jar;D:\java\NewMaven\maven_repository\ch\qos\logback\logback-classic\1.2.11\logback-classic-1.2.11.jar;D:\java\NewMaven\maven_repository\ch\qos\logback\logback-core\1.2.
Launcher Type: SUN_STANDARD

Environment Variables:
JAVA_HOME=D:\java\jdk-11.0.15.1
CLASSPATH=.;D:\java\mysql-connector-java-8.0.17\mysql-connector-java-8.0.17.jar;
PATH=C:\Windows\system32;C:\Windows;C:\Windows\System32\Wbem;C:\Windows\System32\WindowsPowerShell\v1.0\;C:\Windows\System32\OpenSSH\;C:\Program Files (x86)\NVIDIA Corporation\PhysX\Common;C:\Program Files\NVIDIA Corporation\NVIDIA NvDLISR;C:\WINDOWS\system32;C:\WINDOWS;C:\WINDOWS\System32\Wbem;C:\WINDOWS\System32\WindowsPowerShell\v1.0\;C:\WINDOWS\System32\OpenSSH\;C:\Program Files\Google\Chrome\Application\CheomeDriver;D:\python\python3.6.0\;D:\python\python3.6.0\Scripts\;C:\Program Files\Common Files\Oracle\Java\javapath;D:\java\jdk-11.0.15.1\bin;D:\java\maven\apache-maven-3.3.3\bin;E:\Tomcat\apache-tomcat-10.0.22\bin;D:\SDK\scala-2.13.6\bin;C:\Program Files\nodejs\;E:\Anaconda;E:\Anaconda\Library\mingw-w64\bin;E:\Anaconda\Library\usr\bin;E:\Anaconda\Library\bin;E:\Anaconda\Scripts;C:\Users\86151\AppData\Local\Microsoft\WindowsApps;D:\Mysql\mysql\AppServ\Apache24\bin;D:\Mysql\mysql\AppServ\php7;D:\Mysql\mysql\AppServ\MySQL\bin;E:\IntelliJ IDEA\IntelliJ IDEA Community Edition 2021.1.2\bin;;E:\IntelliJ IDEA\IntelliJ IDEA 2022.1.3\bin;;C:\Users\86151\AppData\Roaming\npm
USERNAME=86151
OS=Windows_NT
PROCESSOR_IDENTIFIER=Intel64 Family 6 Model 142 Stepping 12, GenuineIntel



---------------  S Y S T E M  ---------------

OS: Windows 10 , 64 bit Build 18362 (10.0.18362.1500)

CPU:total 8 (initial active 8) (4 cores per cpu, 2 threads per core) family 6 model 142 stepping 12, cmov, cx8, fxsr, mmx, sse, sse2, sse3, ssse3, sse4.1, sse4.2, popcnt, avx, avx2, aes, clmul, erms, 3dnowpref, lzcnt, ht, tsc, tscinvbit, bmi1, bmi2, adx

Memory: 4k page, physical 8215268k(2106756k free), swap 19195744k(5468k free)

vm_info: Java HotSpot(TM) 64-Bit Server VM (25.333-b02) for windows-amd64 JRE (1.8.0_333-b02), built on Apr 25 2022 22:49:11 by "java_re" with MS VC++ 15.9 (VS2017)

time: Fri Aug  5 23:41:28 2022
timezone: ?D1¨²¡À¨º¡Á?¨º¡À??
elapsed time: 4.733518 seconds (0d 0h 0m 4s)

